TN:
SF:src\App.tsx
FN:19,(anonymous_10)
FN:19,(anonymous_11)
FN:20,(anonymous_12)
FN:20,(anonymous_13)
FN:21,(anonymous_14)
FN:21,(anonymous_15)
FN:22,(anonymous_16)
FN:22,(anonymous_17)
FN:23,(anonymous_18)
FN:23,(anonymous_19)
FN:24,(anonymous_20)
FN:24,(anonymous_21)
FN:25,(anonymous_22)
FN:25,(anonymous_23)
FN:26,(anonymous_24)
FN:26,(anonymous_25)
FN:27,(anonymous_26)
FN:27,(anonymous_27)
FN:28,(anonymous_28)
FN:28,(anonymous_29)
FN:29,(anonymous_30)
FN:29,(anonymous_31)
FN:32,(anonymous_32)
FN:32,(anonymous_33)
FN:33,(anonymous_34)
FN:33,(anonymous_35)
FN:40,(anonymous_36)
FN:40,(anonymous_37)
FN:41,(anonymous_38)
FN:41,(anonymous_39)
FN:55,(anonymous_40)
FN:58,(anonymous_41)
FN:61,(anonymous_42)
FN:67,(anonymous_43)
FN:155,(anonymous_44)
FN:165,(anonymous_45)
FN:173,(anonymous_46)
FN:174,(anonymous_47)
FN:380,(anonymous_48)
FN:407,App
FNF:40
FNH:0
FNDA:0,(anonymous_10)
FNDA:0,(anonymous_11)
FNDA:0,(anonymous_12)
FNDA:0,(anonymous_13)
FNDA:0,(anonymous_14)
FNDA:0,(anonymous_15)
FNDA:0,(anonymous_16)
FNDA:0,(anonymous_17)
FNDA:0,(anonymous_18)
FNDA:0,(anonymous_19)
FNDA:0,(anonymous_20)
FNDA:0,(anonymous_21)
FNDA:0,(anonymous_22)
FNDA:0,(anonymous_23)
FNDA:0,(anonymous_24)
FNDA:0,(anonymous_25)
FNDA:0,(anonymous_26)
FNDA:0,(anonymous_27)
FNDA:0,(anonymous_28)
FNDA:0,(anonymous_29)
FNDA:0,(anonymous_30)
FNDA:0,(anonymous_31)
FNDA:0,(anonymous_32)
FNDA:0,(anonymous_33)
FNDA:0,(anonymous_34)
FNDA:0,(anonymous_35)
FNDA:0,(anonymous_36)
FNDA:0,(anonymous_37)
FNDA:0,(anonymous_38)
FNDA:0,(anonymous_39)
FNDA:0,(anonymous_40)
FNDA:0,(anonymous_41)
FNDA:0,(anonymous_42)
FNDA:0,(anonymous_43)
FNDA:0,(anonymous_44)
FNDA:0,(anonymous_45)
FNDA:0,(anonymous_46)
FNDA:0,(anonymous_47)
FNDA:0,(anonymous_48)
FNDA:0,App
DA:1,0
DA:2,0
DA:3,0
DA:4,0
DA:5,0
DA:6,0
DA:7,0
DA:8,0
DA:11,0
DA:12,0
DA:15,0
DA:19,0
DA:20,0
DA:21,0
DA:22,0
DA:23,0
DA:24,0
DA:25,0
DA:26,0
DA:27,0
DA:28,0
DA:29,0
DA:32,0
DA:33,0
DA:36,0
DA:37,0
DA:38,0
DA:39,0
DA:40,0
DA:41,0
DA:44,0
DA:45,0
DA:46,0
DA:47,0
DA:48,0
DA:49,0
DA:50,0
DA:51,0
DA:52,0
DA:53,0
DA:55,0
DA:56,0
DA:58,0
DA:59,0
DA:61,0
DA:62,0
DA:63,0
DA:67,0
DA:68,0
DA:69,0
DA:71,0
DA:80,0
DA:81,0
DA:83,0
DA:84,0
DA:86,0
DA:87,0
DA:89,0
DA:90,0
DA:91,0
DA:92,0
DA:93,0
DA:94,0
DA:95,0
DA:97,0
DA:98,0
DA:106,0
DA:110,0
DA:111,0
DA:112,0
DA:119,0
DA:121,0
DA:125,0
DA:134,0
DA:135,0
DA:137,0
DA:139,0
DA:140,0
DA:150,0
DA:152,0
DA:155,0
DA:156,0
DA:157,0
DA:161,0
DA:165,0
DA:166,0
DA:173,0
DA:174,0
DA:176,0
DA:184,0
DA:185,0
DA:186,0
DA:198,0
DA:380,0
DA:408,0
DA:428,0
LF:96
LH:0
BRDA:62,0,0,0
BRDA:68,1,0,0
BRDA:72,2,0,0
BRDA:72,2,1,0
BRDA:80,3,0,0
BRDA:80,3,1,0
BRDA:89,4,0,0
BRDA:89,4,1,0
BRDA:91,5,0,0
BRDA:91,5,1,0
BRDA:93,6,0,0
BRDA:93,6,1,0
BRDA:100,7,0,0
BRDA:100,7,1,0
BRDA:114,8,0,0
BRDA:114,8,1,0
BRDA:139,9,0,0
BRDA:139,9,1,0
BRDA:177,10,0,0
BRDA:177,10,1,0
BRDA:184,11,0,0
BRDA:184,12,0,0
BRDA:184,12,1,0
BRDA:192,13,0,0
BRDA:192,13,1,0
BRDA:206,14,0,0
BRDA:206,14,1,0
BRF:27
BRH:0
end_of_record
TN:
SF:src\test-mocks.ts
FN:2,(anonymous_0)
FN:42,(anonymous_1)
FN:43,(anonymous_2)
FN:48,(anonymous_3)
FN:61,(anonymous_4)
FN:71,(anonymous_5)
FN:77,(anonymous_6)
FN:83,(anonymous_7)
FN:86,(anonymous_8)
FN:89,(anonymous_9)
FNF:10
FNH:0
FNDA:0,(anonymous_0)
FNDA:0,(anonymous_1)
FNDA:0,(anonymous_2)
FNDA:0,(anonymous_3)
FNDA:0,(anonymous_4)
FNDA:0,(anonymous_5)
FNDA:0,(anonymous_6)
FNDA:0,(anonymous_7)
FNDA:0,(anonymous_8)
FNDA:0,(anonymous_9)
DA:2,0
DA:3,0
DA:4,0
DA:5,0
DA:6,0
DA:7,0
DA:8,0
DA:9,0
DA:10,0
DA:11,0
DA:12,0
DA:15,0
DA:16,0
DA:21,0
DA:22,0
DA:23,0
DA:24,0
DA:25,0
DA:26,0
DA:27,0
DA:28,0
DA:30,0
DA:42,0
DA:43,0
DA:48,0
DA:49,0
DA:61,0
DA:62,0
DA:71,0
DA:72,0
DA:73,0
DA:74,0
DA:77,0
DA:83,0
DA:86,0
DA:89,0
DA:93,0
LF:37
LH:0
BRF:0
BRH:0
end_of_record
TN:
SF:src\features\admin\index.ts
FNF:0
FNH:0
DA:2,0
DA:3,0
DA:4,0
DA:5,0
DA:6,0
DA:7,0
DA:8,0
DA:9,0
LF:8
LH:0
BRF:0
BRH:0
end_of_record
TN:
SF:src\features\admin\components\AdminLayout.tsx
FN:10,(anonymous_1)
FN:11,(anonymous_2)
FNF:2
FNH:0
FNDA:0,(anonymous_1)
FNDA:0,(anonymous_2)
DA:1,0
DA:2,0
DA:10,0
DA:11,0
DA:13,0
DA:14,0
DA:21,0
DA:55,0
LF:8
LH:0
BRDA:13,0,0,0
BRDA:31,1,0,0
BRDA:31,1,1,0
BRF:3
BRH:0
end_of_record
TN:
SF:src\features\admin\components\AdminProtectedRoute.tsx
FN:10,(anonymous_1)
FN:11,(anonymous_2)
FN:32,(anonymous_3)
FNF:3
FNH:2
FNDA:9,(anonymous_1)
FNDA:18,(anonymous_2)
FNDA:0,(anonymous_3)
DA:1,1
DA:2,1
DA:4,1
DA:10,1
DA:11,18
DA:14,9
DA:15,3
DA:18,6
DA:19,4
DA:32,0
DA:42,2
DA:45,1
LF:12
LH:11
BRDA:14,0,0,3
BRDA:14,1,0,9
BRDA:14,1,1,7
BRDA:18,2,0,4
BRF:4
BRH:4
end_of_record
TN:
SF:src\features\admin\components\AdminSidebar.tsx
FN:6,(anonymous_1)
FN:8,(anonymous_2)
FN:67,(anonymous_3)
FNF:3
FNH:3
FNDA:7,(anonymous_1)
FNDA:14,(anonymous_2)
FNDA:24,(anonymous_3)
DA:1,1
DA:2,1
DA:3,1
DA:6,1
DA:7,7
DA:8,14
DA:10,7
DA:11,3
DA:14,4
DA:53,4
DA:68,24
DA:129,1
LF:12
LH:12
BRDA:10,0,0,3
BRDA:72,1,0,0
BRDA:72,1,1,24
BRDA:112,2,0,4
BRDA:112,2,1,0
BRDA:112,2,2,0
BRDA:118,3,0,4
BRDA:118,3,1,0
BRF:8
BRH:4
end_of_record
TN:
SF:src\features\admin\components\AdminStats.tsx
FN:14,(anonymous_9)
FN:21,(anonymous_10)
FN:25,(anonymous_11)
FN:51,(anonymous_12)
FN:55,(anonymous_13)
FN:61,(anonymous_14)
FN:77,(anonymous_15)
FN:90,(anonymous_16)
FN:118,(anonymous_17)
FN:131,(anonymous_18)
FN:146,(anonymous_19)
FN:164,(anonymous_20)
FN:167,(anonymous_21)
FN:258,(anonymous_22)
FN:262,(anonymous_23)
FN:296,(anonymous_24)
FN:311,(anonymous_25)
FN:330,(anonymous_26)
FN:336,(anonymous_27)
FN:354,(anonymous_28)
FN:371,(anonymous_29)
FN:378,(anonymous_30)
FN:385,(anonymous_31)
FN:402,(anonymous_32)
FN:449,(anonymous_33)
FN:517,(anonymous_34)
FN:522,(anonymous_35)
FNF:27
FNH:0
FNDA:0,(anonymous_9)
FNDA:0,(anonymous_10)
FNDA:0,(anonymous_11)
FNDA:0,(anonymous_12)
FNDA:0,(anonymous_13)
FNDA:0,(anonymous_14)
FNDA:0,(anonymous_15)
FNDA:0,(anonymous_16)
FNDA:0,(anonymous_17)
FNDA:0,(anonymous_18)
FNDA:0,(anonymous_19)
FNDA:0,(anonymous_20)
FNDA:0,(anonymous_21)
FNDA:0,(anonymous_22)
FNDA:0,(anonymous_23)
FNDA:0,(anonymous_24)
FNDA:0,(anonymous_25)
FNDA:0,(anonymous_26)
FNDA:0,(anonymous_27)
FNDA:0,(anonymous_28)
FNDA:0,(anonymous_29)
FNDA:0,(anonymous_30)
FNDA:0,(anonymous_31)
FNDA:0,(anonymous_32)
FNDA:0,(anonymous_33)
FNDA:0,(anonymous_34)
FNDA:0,(anonymous_35)
DA:1,0
DA:2,0
DA:6,0
DA:10,0
DA:11,0
DA:12,0
DA:14,0
DA:15,0
DA:16,0
DA:17,0
DA:18,0
DA:19,0
DA:21,0
DA:22,0
DA:25,0
DA:26,0
DA:27,0
DA:28,0
DA:35,0
DA:42,0
DA:44,0
DA:45,0
DA:47,0
DA:51,0
DA:52,0
DA:55,0
DA:56,0
DA:57,0
DA:61,0
DA:62,0
DA:64,0
DA:66,0
DA:77,0
DA:81,0
DA:90,0
DA:91,0
DA:118,0
DA:119,0
DA:121,0
DA:131,0
DA:146,0
DA:165,0
DA:167,0
DA:259,0
DA:262,0
DA:296,0
DA:297,0
DA:312,0
DA:330,0
DA:331,0
DA:336,0
DA:355,0
DA:371,0
DA:378,0
DA:385,0
DA:402,0
DA:403,0
DA:450,0
DA:462,0
DA:463,0
DA:473,0
DA:480,0
DA:518,0
DA:519,0
DA:522,0
DA:549,0
LF:66
LH:0
BRDA:36,0,0,0
BRDA:36,0,1,0
BRDA:37,1,0,0
BRDA:37,1,1,0
BRDA:38,2,0,0
BRDA:38,2,1,0
BRDA:39,3,0,0
BRDA:39,3,1,0
BRDA:62,4,0,0
BRDA:76,5,0,0
BRDA:76,5,1,0
BRDA:77,6,0,0
BRDA:77,6,1,0
BRDA:92,7,0,0
BRDA:92,7,1,0
BRDA:105,8,0,0
BRDA:105,8,1,0
BRDA:110,9,0,0
BRDA:110,9,1,0
BRDA:111,10,0,0
BRDA:111,10,1,0
BRDA:119,11,0,0
BRDA:169,12,0,0
BRDA:169,12,1,0
BRDA:260,13,0,0
BRDA:260,13,1,0
BRDA:314,14,0,0
BRDA:314,14,1,0
BRDA:315,15,0,0
BRDA:315,15,1,0
BRDA:357,16,0,0
BRDA:357,16,1,0
BRDA:360,17,0,0
BRDA:360,17,1,0
BRDA:363,18,0,0
BRDA:363,18,1,0
BRDA:366,19,0,0
BRDA:366,19,1,0
BRDA:462,20,0,0
BRDA:500,21,0,0
BRDA:500,21,1,0
BRDA:524,22,0,0
BRDA:524,22,1,0
BRDA:539,23,0,0
BRDA:539,23,1,0
BRDA:540,24,0,0
BRDA:540,24,1,0
BRDA:541,25,0,0
BRDA:541,25,1,0
BRDA:542,26,0,0
BRDA:542,26,1,0
BRF:51
BRH:0
end_of_record
TN:
SF:src\features\admin\components\AdminStatsRealNew.tsx
FN:14,(anonymous_9)
FN:21,(anonymous_10)
FN:25,(anonymous_11)
FN:51,(anonymous_12)
FN:55,(anonymous_13)
FN:61,(anonymous_14)
FN:77,(anonymous_15)
FN:90,(anonymous_16)
FN:118,(anonymous_17)
FN:131,(anonymous_18)
FN:146,(anonymous_19)
FN:164,(anonymous_20)
FN:167,(anonymous_21)
FN:258,(anonymous_22)
FN:262,(anonymous_23)
FN:296,(anonymous_24)
FN:311,(anonymous_25)
FN:330,(anonymous_26)
FN:336,(anonymous_27)
FN:354,(anonymous_28)
FN:371,(anonymous_29)
FN:378,(anonymous_30)
FN:385,(anonymous_31)
FN:402,(anonymous_32)
FN:449,(anonymous_33)
FN:517,(anonymous_34)
FN:522,(anonymous_35)
FNF:27
FNH:0
FNDA:0,(anonymous_9)
FNDA:0,(anonymous_10)
FNDA:0,(anonymous_11)
FNDA:0,(anonymous_12)
FNDA:0,(anonymous_13)
FNDA:0,(anonymous_14)
FNDA:0,(anonymous_15)
FNDA:0,(anonymous_16)
FNDA:0,(anonymous_17)
FNDA:0,(anonymous_18)
FNDA:0,(anonymous_19)
FNDA:0,(anonymous_20)
FNDA:0,(anonymous_21)
FNDA:0,(anonymous_22)
FNDA:0,(anonymous_23)
FNDA:0,(anonymous_24)
FNDA:0,(anonymous_25)
FNDA:0,(anonymous_26)
FNDA:0,(anonymous_27)
FNDA:0,(anonymous_28)
FNDA:0,(anonymous_29)
FNDA:0,(anonymous_30)
FNDA:0,(anonymous_31)
FNDA:0,(anonymous_32)
FNDA:0,(anonymous_33)
FNDA:0,(anonymous_34)
FNDA:0,(anonymous_35)
DA:1,0
DA:2,0
DA:6,0
DA:10,0
DA:11,0
DA:12,0
DA:14,0
DA:15,0
DA:16,0
DA:17,0
DA:18,0
DA:19,0
DA:21,0
DA:22,0
DA:25,0
DA:26,0
DA:27,0
DA:28,0
DA:35,0
DA:42,0
DA:44,0
DA:45,0
DA:47,0
DA:51,0
DA:52,0
DA:55,0
DA:56,0
DA:57,0
DA:61,0
DA:62,0
DA:64,0
DA:66,0
DA:77,0
DA:81,0
DA:90,0
DA:91,0
DA:118,0
DA:119,0
DA:121,0
DA:131,0
DA:146,0
DA:165,0
DA:167,0
DA:259,0
DA:262,0
DA:296,0
DA:297,0
DA:312,0
DA:330,0
DA:331,0
DA:336,0
DA:355,0
DA:371,0
DA:378,0
DA:385,0
DA:402,0
DA:403,0
DA:450,0
DA:462,0
DA:463,0
DA:473,0
DA:480,0
DA:518,0
DA:519,0
DA:522,0
DA:549,0
LF:66
LH:0
BRDA:36,0,0,0
BRDA:36,0,1,0
BRDA:37,1,0,0
BRDA:37,1,1,0
BRDA:38,2,0,0
BRDA:38,2,1,0
BRDA:39,3,0,0
BRDA:39,3,1,0
BRDA:62,4,0,0
BRDA:76,5,0,0
BRDA:76,5,1,0
BRDA:77,6,0,0
BRDA:77,6,1,0
BRDA:92,7,0,0
BRDA:92,7,1,0
BRDA:105,8,0,0
BRDA:105,8,1,0
BRDA:110,9,0,0
BRDA:110,9,1,0
BRDA:111,10,0,0
BRDA:111,10,1,0
BRDA:119,11,0,0
BRDA:169,12,0,0
BRDA:169,12,1,0
BRDA:260,13,0,0
BRDA:260,13,1,0
BRDA:314,14,0,0
BRDA:314,14,1,0
BRDA:315,15,0,0
BRDA:315,15,1,0
BRDA:357,16,0,0
BRDA:357,16,1,0
BRDA:360,17,0,0
BRDA:360,17,1,0
BRDA:363,18,0,0
BRDA:363,18,1,0
BRDA:366,19,0,0
BRDA:366,19,1,0
BRDA:462,20,0,0
BRDA:500,21,0,0
BRDA:500,21,1,0
BRDA:524,22,0,0
BRDA:524,22,1,0
BRDA:539,23,0,0
BRDA:539,23,1,0
BRDA:540,24,0,0
BRDA:540,24,1,0
BRDA:541,25,0,0
BRDA:541,25,1,0
BRDA:542,26,0,0
BRDA:542,26,1,0
BRF:51
BRH:0
end_of_record
TN:
SF:src\features\admin\components\AdminStatsUltimate.tsx
FN:15,(anonymous_9)
FN:24,(anonymous_10)
FN:28,(anonymous_11)
FN:55,(anonymous_12)
FN:60,(anonymous_13)
FN:61,(anonymous_14)
FN:62,(anonymous_15)
FN:64,(anonymous_16)
FN:90,(anonymous_17)
FN:95,(anonymous_18)
FN:97,(anonymous_19)
FN:103,(anonymous_20)
FN:105,(anonymous_21)
FN:112,(anonymous_22)
FN:113,(anonymous_23)
FN:126,(anonymous_24)
FN:131,(anonymous_25)
FN:153,(anonymous_26)
FN:183,(anonymous_27)
FN:196,(anonymous_28)
FN:204,(anonymous_29)
FN:212,(anonymous_30)
FN:230,(anonymous_31)
FN:233,(anonymous_32)
FN:281,(anonymous_33)
FN:328,(anonymous_34)
FN:339,(anonymous_35)
FN:345,(anonymous_36)
FN:354,(anonymous_37)
FN:368,(anonymous_38)
FN:438,(anonymous_39)
FN:445,(anonymous_40)
FN:452,(anonymous_41)
FN:509,(anonymous_42)
FN:522,(anonymous_43)
FN:527,(anonymous_44)
FNF:36
FNH:0
FNDA:0,(anonymous_9)
FNDA:0,(anonymous_10)
FNDA:0,(anonymous_11)
FNDA:0,(anonymous_12)
FNDA:0,(anonymous_13)
FNDA:0,(anonymous_14)
FNDA:0,(anonymous_15)
FNDA:0,(anonymous_16)
FNDA:0,(anonymous_17)
FNDA:0,(anonymous_18)
FNDA:0,(anonymous_19)
FNDA:0,(anonymous_20)
FNDA:0,(anonymous_21)
FNDA:0,(anonymous_22)
FNDA:0,(anonymous_23)
FNDA:0,(anonymous_24)
FNDA:0,(anonymous_25)
FNDA:0,(anonymous_26)
FNDA:0,(anonymous_27)
FNDA:0,(anonymous_28)
FNDA:0,(anonymous_29)
FNDA:0,(anonymous_30)
FNDA:0,(anonymous_31)
FNDA:0,(anonymous_32)
FNDA:0,(anonymous_33)
FNDA:0,(anonymous_34)
FNDA:0,(anonymous_35)
FNDA:0,(anonymous_36)
FNDA:0,(anonymous_37)
FNDA:0,(anonymous_38)
FNDA:0,(anonymous_39)
FNDA:0,(anonymous_40)
FNDA:0,(anonymous_41)
FNDA:0,(anonymous_42)
FNDA:0,(anonymous_43)
FNDA:0,(anonymous_44)
DA:1,0
DA:2,0
DA:6,0
DA:11,0
DA:12,0
DA:13,0
DA:15,0
DA:16,0
DA:17,0
DA:18,0
DA:19,0
DA:20,0
DA:21,0
DA:22,0
DA:24,0
DA:25,0
DA:28,0
DA:29,0
DA:30,0
DA:31,0
DA:38,0
DA:45,0
DA:47,0
DA:48,0
DA:50,0
DA:55,0
DA:56,0
DA:58,0
DA:60,0
DA:61,0
DA:62,0
DA:64,0
DA:65,0
DA:68,0
DA:69,0
DA:70,0
DA:72,0
DA:90,0
DA:92,0
DA:95,0
DA:96,0
DA:97,0
DA:98,0
DA:99,0
DA:102,0
DA:103,0
DA:105,0
DA:112,0
DA:113,0
DA:114,0
DA:115,0
DA:116,0
DA:123,0
DA:126,0
DA:127,0
DA:128,0
DA:131,0
DA:132,0
DA:137,0
DA:141,0
DA:144,0
DA:153,0
DA:154,0
DA:183,0
DA:184,0
DA:186,0
DA:196,0
DA:204,0
DA:212,0
DA:231,0
DA:233,0
DA:282,0
DA:328,0
DA:329,0
DA:339,0
DA:345,0
DA:354,0
DA:369,0
DA:438,0
DA:445,0
DA:452,0
DA:466,0
DA:467,0
DA:477,0
DA:485,0
DA:509,0
DA:523,0
DA:524,0
DA:527,0
DA:573,0
LF:90
LH:0
BRDA:39,0,0,0
BRDA:39,0,1,0
BRDA:40,1,0,0
BRDA:40,1,1,0
BRDA:41,2,0,0
BRDA:41,2,1,0
BRDA:42,3,0,0
BRDA:42,3,1,0
BRDA:45,4,0,0
BRDA:45,4,1,0
BRDA:45,5,0,0
BRDA:45,5,1,0
BRDA:45,6,0,0
BRDA:45,6,1,0
BRDA:56,7,0,0
BRDA:60,8,0,0
BRDA:60,8,1,0
BRDA:64,9,0,0
BRDA:64,9,1,0
BRDA:65,10,0,0
BRDA:65,10,1,0
BRDA:98,11,0,0
BRDA:98,11,1,0
BRDA:99,12,0,0
BRDA:99,12,1,0
BRDA:131,13,0,0
BRDA:131,13,1,0
BRDA:132,14,0,0
BRDA:132,14,1,0
BRDA:132,14,2,0
BRDA:132,14,3,0
BRDA:137,15,0,0
BRDA:137,15,1,0
BRDA:137,15,2,0
BRDA:137,15,3,0
BRDA:141,16,0,0
BRDA:141,16,1,0
BRDA:155,17,0,0
BRDA:155,17,1,0
BRDA:162,18,0,0
BRDA:162,18,1,0
BRDA:170,19,0,0
BRDA:170,19,1,0
BRDA:175,20,0,0
BRDA:175,20,1,0
BRDA:176,21,0,0
BRDA:176,21,1,0
BRDA:184,22,0,0
BRDA:235,23,0,0
BRDA:235,23,1,0
BRDA:362,24,0,0
BRDA:362,24,1,0
BRDA:380,25,0,0
BRDA:380,25,1,0
BRDA:383,26,0,0
BRDA:383,26,1,0
BRDA:391,27,0,0
BRDA:391,27,1,0
BRDA:397,28,0,0
BRDA:397,28,1,0
BRDA:399,29,0,0
BRDA:399,29,1,0
BRDA:400,30,0,0
BRDA:400,30,1,0
BRDA:408,31,0,0
BRDA:408,31,1,0
BRDA:408,32,0,0
BRDA:408,32,1,0
BRDA:409,33,0,0
BRDA:409,33,1,0
BRDA:412,34,0,0
BRDA:412,34,1,0
BRDA:412,35,0,0
BRDA:412,35,1,0
BRDA:414,36,0,0
BRDA:414,36,1,0
BRDA:421,37,0,0
BRDA:421,37,1,0
BRDA:429,38,0,0
BRDA:429,38,1,0
BRDA:430,39,0,0
BRDA:430,39,1,0
BRDA:466,40,0,0
BRDA:505,41,0,0
BRDA:505,41,1,0
BRDA:529,42,0,0
BRDA:529,42,1,0
BRDA:544,43,0,0
BRDA:544,43,1,0
BRDA:545,44,0,0
BRDA:545,44,1,0
BRDA:546,45,0,0
BRDA:546,45,1,0
BRDA:553,46,0,0
BRDA:553,46,1,0
BRDA:560,47,0,0
BRDA:560,47,1,0
BRF:97
BRH:0
end_of_record
TN:
SF:src\features\admin\components\BulkActions.tsx
FN:13,(anonymous_9)
FN:23,(anonymous_10)
FN:28,(anonymous_11)
FN:43,(anonymous_12)
FN:47,(anonymous_13)
FN:73,(anonymous_14)
FN:80,(anonymous_15)
FN:92,(anonymous_16)
FN:99,(anonymous_17)
FNF:9
FNH:8
FNDA:24,(anonymous_9)
FNDA:4,(anonymous_10)
FNDA:5,(anonymous_11)
FNDA:3,(anonymous_12)
FNDA:6,(anonymous_13)
FNDA:1,(anonymous_14)
FNDA:0,(anonymous_15)
FNDA:1,(anonymous_16)
FNDA:1,(anonymous_17)
DA:1,1
DA:2,1
DA:3,1
DA:4,1
DA:13,1
DA:19,24
DA:21,24
DA:23,23
DA:24,4
DA:26,3
DA:27,3
DA:28,3
DA:29,5
DA:31,3
DA:33,2
DA:34,2
DA:35,2
DA:37,1
DA:39,3
DA:43,23
DA:44,3
DA:45,3
DA:46,3
DA:47,3
DA:48,6
DA:50,3
DA:52,3
DA:53,3
DA:54,3
DA:56,0
DA:58,3
DA:62,23
DA:73,1
DA:80,0
DA:92,1
DA:99,1
DA:128,1
LF:37
LH:35
BRDA:21,0,0,1
BRDA:24,1,0,1
BRDA:46,2,0,1
BRDA:46,2,1,2
BRDA:70,3,0,23
BRDA:70,3,1,14
BRDA:89,4,0,23
BRDA:89,4,1,9
BRF:8
BRH:8
end_of_record
TN:
SF:src\features\admin\components\QuickActions.tsx
FN:16,(anonymous_9)
FN:28,(anonymous_10)
FN:53,(anonymous_11)
FN:64,(anonymous_12)
FN:69,(anonymous_13)
FN:77,(anonymous_14)
FN:101,(anonymous_15)
FN:108,(anonymous_16)
FN:124,(anonymous_17)
FN:130,(anonymous_18)
FN:131,(anonymous_19)
FN:135,(anonymous_20)
FN:136,(anonymous_21)
FN:181,(anonymous_22)
FN:200,(anonymous_23)
FN:209,(anonymous_24)
FN:263,(anonymous_25)
FN:263,(anonymous_26)
FN:277,(anonymous_27)
FN:277,(anonymous_28)
FN:294,(anonymous_29)
FN:294,(anonymous_30)
FN:306,(anonymous_31)
FNF:23
FNH:10
FNDA:27,(anonymous_9)
FNDA:2,(anonymous_10)
FNDA:0,(anonymous_11)
FNDA:5,(anonymous_12)
FNDA:2,(anonymous_13)
FNDA:0,(anonymous_14)
FNDA:1,(anonymous_15)
FNDA:0,(anonymous_16)
FNDA:0,(anonymous_17)
FNDA:0,(anonymous_18)
FNDA:0,(anonymous_19)
FNDA:0,(anonymous_20)
FNDA:0,(anonymous_21)
FNDA:11,(anonymous_22)
FNDA:0,(anonymous_23)
FNDA:108,(anonymous_24)
FNDA:2,(anonymous_25)
FNDA:2,(anonymous_26)
FNDA:0,(anonymous_27)
FNDA:0,(anonymous_28)
FNDA:0,(anonymous_29)
FNDA:0,(anonymous_30)
FNDA:1,(anonymous_31)
DA:1,1
DA:2,1
DA:3,1
DA:4,1
DA:16,1
DA:17,27
DA:18,27
DA:19,27
DA:24,27
DA:25,27
DA:28,27
DA:29,2
DA:30,0
DA:31,0
DA:34,2
DA:35,2
DA:36,2
DA:45,1
DA:50,1
DA:51,1
DA:52,1
DA:53,1
DA:55,1
DA:57,1
DA:58,1
DA:60,2
DA:64,27
DA:65,5
DA:69,27
DA:70,2
DA:71,2
DA:72,2
DA:73,2
DA:75,2
DA:76,8
DA:77,8
DA:84,2
DA:85,2
DA:86,2
DA:87,0
DA:88,0
DA:89,0
DA:90,0
DA:92,0
DA:94,2
DA:96,2
DA:101,27
DA:102,1
DA:104,1
DA:105,1
DA:107,1
DA:108,1
DA:109,0
DA:112,1
DA:113,1
DA:114,1
DA:116,0
DA:117,0
DA:119,1
DA:124,27
DA:125,0
DA:126,0
DA:127,0
DA:129,0
DA:130,0
DA:131,0
DA:134,0
DA:135,0
DA:136,0
DA:138,0
DA:139,0
DA:140,0
DA:142,0
DA:144,0
DA:148,27
DA:181,27
DA:182,11
DA:183,1
DA:185,10
DA:189,27
DA:200,0
DA:210,108
DA:263,2
DA:277,0
DA:294,0
DA:306,1
DA:328,1
LF:87
LH:60
BRDA:29,0,0,0
BRDA:102,1,0,0
BRDA:125,2,0,0
BRDA:182,3,0,1
BRDA:182,3,1,10
BRDA:182,4,0,11
BRDA:182,4,1,1
BRDA:192,5,0,27
BRDA:192,5,1,1
BRDA:192,5,2,1
BRDA:194,6,0,1
BRDA:194,6,1,0
BRDA:195,7,0,0
BRDA:195,7,1,1
BRDA:196,8,0,0
BRDA:196,8,1,1
BRDA:197,9,0,0
BRDA:197,9,1,1
BRDA:216,10,0,20
BRDA:216,10,1,88
BRDA:250,11,0,27
BRDA:250,11,1,10
BRDA:314,12,0,10
BRDA:314,12,1,8
BRDA:317,13,0,2
BRDA:317,13,1,8
BRF:26
BRH:19
end_of_record
TN:
SF:src\features\admin\components\QuickActions_Simple.tsx
FN:17,(anonymous_9)
FN:27,(anonymous_10)
FN:60,(anonymous_11)
FN:87,(anonymous_12)
FN:155,(anonymous_13)
FN:155,(anonymous_14)
FN:169,(anonymous_15)
FN:169,(anonymous_16)
FN:186,(anonymous_17)
FN:186,(anonymous_18)
FN:198,(anonymous_19)
FNF:11
FNH:0
FNDA:0,(anonymous_9)
FNDA:0,(anonymous_10)
FNDA:0,(anonymous_11)
FNDA:0,(anonymous_12)
FNDA:0,(anonymous_13)
FNDA:0,(anonymous_14)
FNDA:0,(anonymous_15)
FNDA:0,(anonymous_16)
FNDA:0,(anonymous_17)
FNDA:0,(anonymous_18)
FNDA:0,(anonymous_19)
DA:1,0
DA:2,0
DA:3,0
DA:4,0
DA:17,0
DA:18,0
DA:19,0
DA:20,0
DA:27,0
DA:28,0
DA:29,0
DA:30,0
DA:33,0
DA:34,0
DA:35,0
DA:44,0
DA:49,0
DA:51,0
DA:53,0
DA:54,0
DA:56,0
DA:60,0
DA:61,0
DA:62,0
DA:63,0
DA:66,0
DA:88,0
DA:89,0
DA:90,0
DA:155,0
DA:169,0
DA:186,0
DA:199,0
DA:200,0
DA:223,0
LF:35
LH:0
BRDA:28,0,0,0
BRDA:134,1,0,0
BRDA:134,1,1,0
BRDA:142,2,0,0
BRDA:142,2,1,0
BRDA:209,3,0,0
BRDA:209,3,1,0
BRDA:212,4,0,0
BRDA:212,4,1,0
BRF:9
BRH:0
end_of_record
TN:
SF:src\features\admin\components\QuizPreview.tsx
FN:11,(anonymous_1)
FN:23,(anonymous_2)
FN:82,(anonymous_3)
FN:113,(anonymous_4)
FN:159,(anonymous_5)
FNF:5
FNH:0
FNDA:0,(anonymous_1)
FNDA:0,(anonymous_2)
FNDA:0,(anonymous_3)
FNDA:0,(anonymous_4)
FNDA:0,(anonymous_5)
DA:1,0
DA:11,0
DA:12,0
DA:14,0
DA:23,0
DA:25,0
DA:26,0
DA:29,0
DA:83,0
DA:114,0
DA:159,0
DA:174,0
LF:12
LH:0
BRDA:12,0,0,0
BRDA:25,1,0,0
BRDA:66,2,0,0
BRDA:66,2,1,0
BRDA:67,3,0,0
BRDA:67,3,1,0
BRDA:69,4,0,0
BRDA:69,4,1,0
BRDA:70,5,0,0
BRDA:70,5,1,0
BRDA:89,6,0,0
BRDA:89,6,1,0
BRDA:90,7,0,0
BRDA:90,7,1,0
BRDA:91,8,0,0
BRDA:91,8,1,0
BRDA:94,9,0,0
BRDA:94,9,1,0
BRDA:95,10,0,0
BRDA:95,10,1,0
BRDA:96,11,0,0
BRDA:96,11,1,0
BRDA:97,12,0,0
BRDA:97,12,1,0
BRDA:104,13,0,0
BRDA:104,13,1,0
BRDA:117,14,0,0
BRDA:117,14,1,0
BRDA:126,15,0,0
BRDA:126,15,1,0
BRDA:142,16,0,0
BRDA:142,16,1,0
BRF:32
BRH:0
end_of_record
TN:
SF:src\features\admin\pages\Admin.tsx
FN:10,(anonymous_10)
FN:19,(anonymous_11)
FN:20,(anonymous_12)
FN:24,(anonymous_13)
FN:26,(anonymous_14)
FN:28,(anonymous_15)
FN:30,(anonymous_16)
FN:31,(anonymous_17)
FN:35,(anonymous_18)
FN:50,(anonymous_19)
FN:59,(anonymous_20)
FN:93,(anonymous_21)
FN:101,(anonymous_22)
FN:125,(anonymous_23)
FN:131,(anonymous_24)
FN:146,(anonymous_25)
FN:151,(anonymous_26)
FN:152,(anonymous_27)
FN:155,(anonymous_28)
FN:156,(anonymous_29)
FN:297,(anonymous_30)
FN:356,(anonymous_31)
FN:356,(anonymous_32)
FN:370,(anonymous_33)
FN:370,(anonymous_34)
FN:387,(anonymous_35)
FN:387,(anonymous_36)
FN:399,(anonymous_37)
FNF:28
FNH:0
FNDA:0,(anonymous_10)
FNDA:0,(anonymous_11)
FNDA:0,(anonymous_12)
FNDA:0,(anonymous_13)
FNDA:0,(anonymous_14)
FNDA:0,(anonymous_15)
FNDA:0,(anonymous_16)
FNDA:0,(anonymous_17)
FNDA:0,(anonymous_18)
FNDA:0,(anonymous_19)
FNDA:0,(anonymous_20)
FNDA:0,(anonymous_21)
FNDA:0,(anonymous_22)
FNDA:0,(anonymous_23)
FNDA:0,(anonymous_24)
FNDA:0,(anonymous_25)
FNDA:0,(anonymous_26)
FNDA:0,(anonymous_27)
FNDA:0,(anonymous_28)
FNDA:0,(anonymous_29)
FNDA:0,(anonymous_30)
FNDA:0,(anonymous_31)
FNDA:0,(anonymous_32)
FNDA:0,(anonymous_33)
FNDA:0,(anonymous_34)
FNDA:0,(anonymous_35)
FNDA:0,(anonymous_36)
FNDA:0,(anonymous_37)
DA:1,0
DA:2,0
DA:3,0
DA:5,0
DA:6,0
DA:7,0
DA:8,0
DA:10,0
DA:12,0
DA:19,0
DA:20,0
DA:21,0
DA:23,0
DA:24,0
DA:26,0
DA:27,0
DA:28,0
DA:29,0
DA:30,0
DA:31,0
DA:34,0
DA:35,0
DA:36,0
DA:38,0
DA:48,0
DA:50,0
DA:51,0
DA:52,0
DA:53,0
DA:59,0
DA:60,0
DA:61,0
DA:62,0
DA:65,0
DA:66,0
DA:67,0
DA:76,0
DA:81,0
DA:83,0
DA:85,0
DA:86,0
DA:88,0
DA:93,0
DA:94,0
DA:95,0
DA:96,0
DA:97,0
DA:99,0
DA:100,0
DA:101,0
DA:108,0
DA:109,0
DA:110,0
DA:111,0
DA:112,0
DA:113,0
DA:114,0
DA:116,0
DA:118,0
DA:120,0
DA:125,0
DA:126,0
DA:128,0
DA:129,0
DA:130,0
DA:131,0
DA:132,0
DA:135,0
DA:136,0
DA:138,0
DA:139,0
DA:141,0
DA:146,0
DA:147,0
DA:148,0
DA:149,0
DA:150,0
DA:151,0
DA:152,0
DA:154,0
DA:155,0
DA:156,0
DA:158,0
DA:159,0
DA:161,0
DA:163,0
DA:167,0
DA:168,0
DA:175,0
DA:297,0
DA:356,0
DA:370,0
DA:387,0
DA:399,0
DA:421,0
LF:95
LH:0
BRDA:28,0,0,0
BRDA:28,0,1,0
BRDA:31,1,0,0
BRDA:31,1,1,0
BRDA:60,2,0,0
BRDA:126,3,0,0
BRDA:147,4,0,0
BRDA:167,5,0,0
BRDA:343,6,0,0
BRDA:343,6,1,0
BRDA:407,7,0,0
BRDA:407,7,1,0
BRDA:410,8,0,0
BRDA:410,8,1,0
BRF:14
BRH:0
end_of_record
TN:
SF:src\features\admin\pages\AdminDashboard.tsx
FN:49,(anonymous_10)
FN:50,(anonymous_11)
FN:81,(anonymous_12)
FN:85,(anonymous_13)
FN:89,(anonymous_14)
FN:92,(anonymous_15)
FN:110,(anonymous_16)
FN:114,(anonymous_17)
FN:119,(anonymous_18)
FN:135,(anonymous_19)
FN:140,(anonymous_20)
FN:144,(anonymous_21)
FN:150,(anonymous_22)
FN:151,(anonymous_23)
FN:153,(anonymous_24)
FN:174,(anonymous_25)
FN:179,(anonymous_26)
FN:183,(anonymous_27)
FN:189,(anonymous_28)
FN:209,(anonymous_29)
FN:214,(anonymous_30)
FN:226,(anonymous_31)
FN:237,(anonymous_32)
FN:251,(anonymous_33)
FN:265,(anonymous_34)
FN:279,(anonymous_35)
FN:293,(anonymous_36)
FN:307,(anonymous_37)
FN:321,(anonymous_38)
FN:346,(anonymous_39)
FN:361,(anonymous_40)
FN:417,(anonymous_41)
FN:446,(anonymous_42)
FN:474,(anonymous_43)
FN:487,(anonymous_44)
FN:503,(anonymous_45)
FN:511,(anonymous_46)
FN:526,(anonymous_47)
FN:563,(anonymous_48)
FN:585,(anonymous_49)
FN:591,(anonymous_50)
FN:601,(anonymous_51)
FN:609,(anonymous_52)
FN:624,(anonymous_53)
FN:631,(anonymous_54)
FN:646,(anonymous_55)
FN:646,(anonymous_56)
FN:653,(anonymous_57)
FN:653,(anonymous_58)
FN:665,(anonymous_59)
FN:699,(anonymous_60)
FN:712,(anonymous_61)
FN:728,(anonymous_62)
FN:809,(anonymous_63)
FN:871,(anonymous_64)
FN:874,(anonymous_65)
FN:911,(anonymous_66)
FN:940,(anonymous_67)
FN:946,(anonymous_68)
FN:953,(anonymous_69)
FNF:60
FNH:0
FNDA:0,(anonymous_10)
FNDA:0,(anonymous_11)
FNDA:0,(anonymous_12)
FNDA:0,(anonymous_13)
FNDA:0,(anonymous_14)
FNDA:0,(anonymous_15)
FNDA:0,(anonymous_16)
FNDA:0,(anonymous_17)
FNDA:0,(anonymous_18)
FNDA:0,(anonymous_19)
FNDA:0,(anonymous_20)
FNDA:0,(anonymous_21)
FNDA:0,(anonymous_22)
FNDA:0,(anonymous_23)
FNDA:0,(anonymous_24)
FNDA:0,(anonymous_25)
FNDA:0,(anonymous_26)
FNDA:0,(anonymous_27)
FNDA:0,(anonymous_28)
FNDA:0,(anonymous_29)
FNDA:0,(anonymous_30)
FNDA:0,(anonymous_31)
FNDA:0,(anonymous_32)
FNDA:0,(anonymous_33)
FNDA:0,(anonymous_34)
FNDA:0,(anonymous_35)
FNDA:0,(anonymous_36)
FNDA:0,(anonymous_37)
FNDA:0,(anonymous_38)
FNDA:0,(anonymous_39)
FNDA:0,(anonymous_40)
FNDA:0,(anonymous_41)
FNDA:0,(anonymous_42)
FNDA:0,(anonymous_43)
FNDA:0,(anonymous_44)
FNDA:0,(anonymous_45)
FNDA:0,(anonymous_46)
FNDA:0,(anonymous_47)
FNDA:0,(anonymous_48)
FNDA:0,(anonymous_49)
FNDA:0,(anonymous_50)
FNDA:0,(anonymous_51)
FNDA:0,(anonymous_52)
FNDA:0,(anonymous_53)
FNDA:0,(anonymous_54)
FNDA:0,(anonymous_55)
FNDA:0,(anonymous_56)
FNDA:0,(anonymous_57)
FNDA:0,(anonymous_58)
FNDA:0,(anonymous_59)
FNDA:0,(anonymous_60)
FNDA:0,(anonymous_61)
FNDA:0,(anonymous_62)
FNDA:0,(anonymous_63)
FNDA:0,(anonymous_64)
FNDA:0,(anonymous_65)
FNDA:0,(anonymous_66)
FNDA:0,(anonymous_67)
FNDA:0,(anonymous_68)
FNDA:0,(anonymous_69)
DA:1,0
DA:2,0
DA:4,0
DA:5,0
DA:6,0
DA:7,0
DA:17,0
DA:18,0
DA:19,0
DA:20,0
DA:21,0
DA:49,0
DA:50,0
DA:51,0
DA:54,0
DA:55,0
DA:56,0
DA:57,0
DA:58,0
DA:59,0
DA:67,0
DA:68,0
DA:71,0
DA:79,0
DA:81,0
DA:82,0
DA:85,0
DA:86,0
DA:89,0
DA:92,0
DA:93,0
DA:94,0
DA:95,0
DA:100,0
DA:101,0
DA:103,0
DA:104,0
DA:106,0
DA:110,0
DA:111,0
DA:112,0
DA:113,0
DA:114,0
DA:118,0
DA:119,0
DA:120,0
DA:122,0
DA:124,0
DA:134,0
DA:135,0
DA:136,0
DA:140,0
DA:141,0
DA:142,0
DA:143,0
DA:144,0
DA:148,0
DA:150,0
DA:151,0
DA:153,0
DA:158,0
DA:160,0
DA:162,0
DA:173,0
DA:174,0
DA:175,0
DA:179,0
DA:180,0
DA:181,0
DA:182,0
DA:183,0
DA:188,0
DA:189,0
DA:190,0
DA:192,0
DA:194,0
DA:208,0
DA:209,0
DA:210,0
DA:214,0
DA:215,0
DA:216,0
DA:217,0
DA:219,0
DA:220,0
DA:222,0
DA:226,0
DA:227,0
DA:228,0
DA:229,0
DA:230,0
DA:232,0
DA:233,0
DA:237,0
DA:238,0
DA:239,0
DA:240,0
DA:241,0
DA:242,0
DA:244,0
DA:245,0
DA:247,0
DA:251,0
DA:252,0
DA:253,0
DA:254,0
DA:255,0
DA:256,0
DA:258,0
DA:259,0
DA:261,0
DA:265,0
DA:266,0
DA:267,0
DA:268,0
DA:269,0
DA:270,0
DA:272,0
DA:273,0
DA:275,0
DA:279,0
DA:280,0
DA:281,0
DA:282,0
DA:283,0
DA:284,0
DA:286,0
DA:287,0
DA:289,0
DA:293,0
DA:294,0
DA:295,0
DA:296,0
DA:297,0
DA:298,0
DA:300,0
DA:301,0
DA:303,0
DA:307,0
DA:308,0
DA:309,0
DA:310,0
DA:311,0
DA:312,0
DA:314,0
DA:315,0
DA:317,0
DA:321,0
DA:322,0
DA:323,0
DA:324,0
DA:326,0
DA:327,0
DA:328,0
DA:334,0
DA:335,0
DA:336,0
DA:337,0
DA:339,0
DA:340,0
DA:342,0
DA:346,0
DA:347,0
DA:348,0
DA:349,0
DA:350,0
DA:351,0
DA:353,0
DA:354,0
DA:356,0
DA:361,0
DA:362,0
DA:363,0
DA:364,0
DA:406,0
DA:407,0
DA:408,0
DA:410,0
DA:411,0
DA:413,0
DA:417,0
DA:418,0
DA:419,0
DA:446,0
DA:447,0
DA:475,0
DA:487,0
DA:503,0
DA:511,0
DA:526,0
DA:527,0
DA:564,0
DA:585,0
DA:591,0
DA:601,0
DA:609,0
DA:624,0
DA:625,0
DA:631,0
DA:646,0
DA:653,0
DA:666,0
DA:667,0
DA:700,0
DA:712,0
DA:728,0
DA:729,0
DA:764,0
DA:810,0
DA:811,0
DA:872,0
DA:875,0
DA:876,0
DA:911,0
DA:940,0
DA:946,0
DA:954,0
DA:955,0
DA:956,0
DA:957,0
DA:958,0
DA:971,0
LF:222
LH:0
BRDA:242,0,0,0
BRDA:242,0,1,0
BRDA:322,1,0,0
BRDA:396,2,0,0
BRDA:396,2,1,0
BRDA:434,3,0,0
BRDA:434,3,1,0
BRDA:478,4,0,0
BRDA:478,4,1,0
BRDA:496,5,0,0
BRDA:496,5,1,0
BRDA:498,6,0,0
BRDA:498,6,1,0
BRDA:503,7,0,0
BRDA:503,7,1,0
BRDA:504,8,0,0
BRDA:504,8,1,0
BRDA:506,9,0,0
BRDA:506,9,1,0
BRDA:509,10,0,0
BRDA:509,10,1,0
BRDA:573,11,0,0
BRDA:573,11,1,0
BRDA:574,12,0,0
BRDA:574,12,1,0
BRDA:577,13,0,0
BRDA:577,13,1,0
BRDA:578,14,0,0
BRDA:578,14,1,0
BRDA:582,15,0,0
BRDA:582,15,1,0
BRDA:599,16,0,0
BRDA:599,16,1,0
BRDA:639,17,0,0
BRDA:639,17,1,0
BRDA:708,18,0,0
BRDA:708,18,1,0
BRDA:825,19,0,0
BRDA:825,19,1,0
BRDA:837,20,0,0
BRDA:837,20,1,0
BRDA:843,21,0,0
BRDA:843,21,1,0
BRDA:879,22,0,0
BRDA:879,22,1,0
BRDA:882,23,0,0
BRDA:882,23,1,0
BRDA:899,24,0,0
BRDA:899,24,1,0
BRDA:900,25,0,0
BRDA:900,25,1,0
BRDA:901,26,0,0
BRDA:901,26,1,0
BRDA:902,27,0,0
BRDA:902,27,1,0
BRDA:903,28,0,0
BRDA:903,28,1,0
BRDA:909,29,0,0
BRDA:909,29,1,0
BRDA:921,30,0,0
BRDA:921,30,1,0
BRDA:928,31,0,0
BRDA:928,31,1,0
BRDA:929,32,0,0
BRDA:929,32,1,0
BRDA:930,33,0,0
BRDA:930,33,1,0
BRDA:931,34,0,0
BRDA:931,34,1,0
BRDA:932,35,0,0
BRDA:932,35,1,0
BRDA:954,36,0,0
BRDA:955,37,0,0
BRDA:956,38,0,0
BRDA:957,39,0,0
BRF:75
BRH:0
end_of_record
TN:
SF:src\features\admin\pages\AdminQuizManagement.tsx
FN:31,(anonymous_9)
FN:33,(anonymous_10)
FN:41,(anonymous_11)
FN:45,(anonymous_12)
FN:54,(anonymous_13)
FN:81,(anonymous_14)
FN:91,(anonymous_15)
FN:91,(anonymous_16)
FN:104,(anonymous_17)
FN:114,(anonymous_18)
FN:114,(anonymous_19)
FN:127,(anonymous_20)
FN:137,(anonymous_21)
FN:137,(anonymous_22)
FN:150,(anonymous_23)
FN:154,(anonymous_24)
FN:154,(anonymous_25)
FN:163,(anonymous_26)
FN:168,(anonymous_27)
FN:172,(anonymous_28)
FN:176,(anonymous_29)
FN:179,(anonymous_30)
FN:180,(anonymous_31)
FN:181,(anonymous_32)
FN:187,(anonymous_33)
FN:250,(anonymous_34)
FN:260,(anonymous_35)
FN:270,(anonymous_36)
FN:280,(anonymous_37)
FN:298,(anonymous_38)
FN:335,(anonymous_39)
FN:345,(anonymous_40)
FN:353,(anonymous_41)
FN:361,(anonymous_42)
FN:371,(anonymous_43)
FN:381,(anonymous_44)
FN:391,(anonymous_45)
FN:412,(anonymous_46)
FN:444,(anonymous_47)
FN:449,(anonymous_48)
FN:469,(anonymous_49)
FNF:41
FNH:0
FNDA:0,(anonymous_9)
FNDA:0,(anonymous_10)
FNDA:0,(anonymous_11)
FNDA:0,(anonymous_12)
FNDA:0,(anonymous_13)
FNDA:0,(anonymous_14)
FNDA:0,(anonymous_15)
FNDA:0,(anonymous_16)
FNDA:0,(anonymous_17)
FNDA:0,(anonymous_18)
FNDA:0,(anonymous_19)
FNDA:0,(anonymous_20)
FNDA:0,(anonymous_21)
FNDA:0,(anonymous_22)
FNDA:0,(anonymous_23)
FNDA:0,(anonymous_24)
FNDA:0,(anonymous_25)
FNDA:0,(anonymous_26)
FNDA:0,(anonymous_27)
FNDA:0,(anonymous_28)
FNDA:0,(anonymous_29)
FNDA:0,(anonymous_30)
FNDA:0,(anonymous_31)
FNDA:0,(anonymous_32)
FNDA:0,(anonymous_33)
FNDA:0,(anonymous_34)
FNDA:0,(anonymous_35)
FNDA:0,(anonymous_36)
FNDA:0,(anonymous_37)
FNDA:0,(anonymous_38)
FNDA:0,(anonymous_39)
FNDA:0,(anonymous_40)
FNDA:0,(anonymous_41)
FNDA:0,(anonymous_42)
FNDA:0,(anonymous_43)
FNDA:0,(anonymous_44)
FNDA:0,(anonymous_45)
FNDA:0,(anonymous_46)
FNDA:0,(anonymous_47)
FNDA:0,(anonymous_48)
FNDA:0,(anonymous_49)
DA:1,0
DA:2,0
DA:3,0
DA:4,0
DA:5,0
DA:14,0
DA:31,0
DA:32,0
DA:33,0
DA:34,0
DA:35,0
DA:36,0
DA:37,0
DA:38,0
DA:39,0
DA:41,0
DA:42,0
DA:45,0
DA:46,0
DA:47,0
DA:48,0
DA:50,0
DA:51,0
DA:53,0
DA:54,0
DA:55,0
DA:56,0
DA:71,0
DA:73,0
DA:74,0
DA:75,0
DA:77,0
DA:81,0
DA:82,0
DA:83,0
DA:84,0
DA:91,0
DA:92,0
DA:97,0
DA:99,0
DA:100,0
DA:104,0
DA:105,0
DA:106,0
DA:107,0
DA:114,0
DA:115,0
DA:120,0
DA:122,0
DA:123,0
DA:127,0
DA:128,0
DA:129,0
DA:130,0
DA:137,0
DA:138,0
DA:143,0
DA:145,0
DA:146,0
DA:150,0
DA:151,0
DA:152,0
DA:153,0
DA:154,0
DA:155,0
DA:157,0
DA:158,0
DA:163,0
DA:164,0
DA:165,0
DA:168,0
DA:169,0
DA:172,0
DA:173,0
DA:176,0
DA:177,0
DA:179,0
DA:180,0
DA:181,0
DA:185,0
DA:187,0
DA:188,0
DA:190,0
DA:196,0
DA:203,0
DA:211,0
DA:212,0
DA:219,0
DA:220,0
DA:233,0
DA:250,0
DA:260,0
DA:270,0
DA:280,0
DA:299,0
DA:335,0
DA:345,0
DA:353,0
DA:361,0
DA:371,0
DA:381,0
DA:391,0
DA:412,0
DA:445,0
DA:450,0
DA:469,0
DA:483,0
LF:107
LH:0
BRDA:60,0,0,0
BRDA:60,0,1,0
BRDA:62,1,0,0
BRDA:62,1,1,0
BRDA:63,2,0,0
BRDA:63,2,1,0
BRDA:64,3,0,0
BRDA:64,3,1,0
BRDA:65,4,0,0
BRDA:65,4,1,0
BRDA:66,5,0,0
BRDA:66,5,1,0
BRDA:67,6,0,0
BRDA:67,6,1,0
BRDA:92,7,0,0
BRDA:92,7,1,0
BRDA:115,8,0,0
BRDA:115,8,1,0
BRDA:138,9,0,0
BRDA:138,9,1,0
BRDA:151,10,0,0
BRDA:173,11,0,0
BRDA:173,11,1,0
BRDA:188,12,0,0
BRDA:188,12,1,0
BRDA:188,12,2,0
BRDA:188,12,3,0
BRDA:211,13,0,0
BRDA:219,14,0,0
BRDA:252,15,0,0
BRDA:252,15,1,0
BRDA:262,16,0,0
BRDA:262,16,1,0
BRDA:272,17,0,0
BRDA:272,17,1,0
BRDA:282,18,0,0
BRDA:282,18,1,0
BRDA:292,19,0,0
BRDA:292,19,1,0
BRDA:294,20,0,0
BRDA:294,20,1,0
BRDA:294,21,0,0
BRDA:294,21,1,0
BRDA:294,22,0,0
BRDA:294,22,1,0
BRDA:343,23,0,0
BRDA:343,23,1,0
BRDA:351,24,0,0
BRDA:351,24,1,0
BRDA:379,25,0,0
BRDA:379,25,1,0
BRDA:405,26,0,0
BRDA:405,26,1,0
BRDA:405,26,2,0
BRDA:440,27,0,0
BRDA:440,27,1,0
BRDA:446,28,0,0
BRDA:446,28,1,0
BRDA:447,29,0,0
BRDA:447,29,1,0
BRDA:452,30,0,0
BRDA:452,30,1,0
BRDA:455,31,0,0
BRDA:455,31,1,0
BRF:64
BRH:0
end_of_record
TN:
SF:src\features\admin\pages\AdminQuizManagementNew.tsx
FN:20,(anonymous_9)
FN:27,(anonymous_10)
FN:31,(anonymous_11)
FN:73,(anonymous_12)
FN:76,(anonymous_13)
FN:77,(anonymous_14)
FN:87,(anonymous_15)
FN:90,(anonymous_16)
FN:91,(anonymous_17)
FN:101,(anonymous_18)
FN:104,(anonymous_19)
FN:104,(anonymous_20)
FN:112,(anonymous_21)
FN:117,(anonymous_22)
FN:121,(anonymous_23)
FN:125,(anonymous_24)
FN:129,(anonymous_25)
FN:132,(anonymous_26)
FN:133,(anonymous_27)
FN:134,(anonymous_28)
FN:169,(anonymous_29)
FN:179,(anonymous_30)
FN:189,(anonymous_31)
FN:199,(anonymous_32)
FN:233,(anonymous_33)
FN:264,(anonymous_34)
FN:270,(anonymous_35)
FN:278,(anonymous_36)
FN:284,(anonymous_37)
FN:292,(anonymous_38)
FNF:30
FNH:0
FNDA:0,(anonymous_9)
FNDA:0,(anonymous_10)
FNDA:0,(anonymous_11)
FNDA:0,(anonymous_12)
FNDA:0,(anonymous_13)
FNDA:0,(anonymous_14)
FNDA:0,(anonymous_15)
FNDA:0,(anonymous_16)
FNDA:0,(anonymous_17)
FNDA:0,(anonymous_18)
FNDA:0,(anonymous_19)
FNDA:0,(anonymous_20)
FNDA:0,(anonymous_21)
FNDA:0,(anonymous_22)
FNDA:0,(anonymous_23)
FNDA:0,(anonymous_24)
FNDA:0,(anonymous_25)
FNDA:0,(anonymous_26)
FNDA:0,(anonymous_27)
FNDA:0,(anonymous_28)
FNDA:0,(anonymous_29)
FNDA:0,(anonymous_30)
FNDA:0,(anonymous_31)
FNDA:0,(anonymous_32)
FNDA:0,(anonymous_33)
FNDA:0,(anonymous_34)
FNDA:0,(anonymous_35)
FNDA:0,(anonymous_36)
FNDA:0,(anonymous_37)
FNDA:0,(anonymous_38)
DA:1,0
DA:2,0
DA:3,0
DA:20,0
DA:21,0
DA:22,0
DA:23,0
DA:24,0
DA:25,0
DA:27,0
DA:28,0
DA:31,0
DA:32,0
DA:33,0
DA:34,0
DA:37,0
DA:64,0
DA:66,0
DA:67,0
DA:69,0
DA:73,0
DA:74,0
DA:76,0
DA:77,0
DA:78,0
DA:81,0
DA:83,0
DA:87,0
DA:88,0
DA:90,0
DA:91,0
DA:92,0
DA:95,0
DA:97,0
DA:101,0
DA:102,0
DA:103,0
DA:104,0
DA:105,0
DA:107,0
DA:112,0
DA:114,0
DA:117,0
DA:118,0
DA:121,0
DA:122,0
DA:125,0
DA:126,0
DA:129,0
DA:130,0
DA:132,0
DA:133,0
DA:134,0
DA:138,0
DA:140,0
DA:141,0
DA:148,0
DA:149,0
DA:156,0
DA:169,0
DA:179,0
DA:189,0
DA:199,0
DA:234,0
DA:264,0
DA:270,0
DA:278,0
DA:284,0
DA:292,0
DA:308,0
LF:70
LH:0
BRDA:78,0,0,0
BRDA:78,0,1,0
BRDA:92,1,0,0
BRDA:92,1,1,0
BRDA:102,2,0,0
BRDA:126,3,0,0
BRDA:126,3,1,0
BRDA:140,4,0,0
BRDA:148,5,0,0
BRDA:171,6,0,0
BRDA:171,6,1,0
BRDA:181,7,0,0
BRDA:181,7,1,0
BRDA:191,8,0,0
BRDA:191,8,1,0
BRDA:201,9,0,0
BRDA:201,9,1,0
BRDA:220,10,0,0
BRDA:220,10,1,0
BRDA:223,11,0,0
BRDA:223,11,1,0
BRDA:229,12,0,0
BRDA:229,12,1,0
BRDA:241,13,0,0
BRDA:241,13,1,0
BRDA:243,14,0,0
BRDA:243,14,1,0
BRDA:275,15,0,0
BRDA:275,15,1,0
BRF:29
BRH:0
end_of_record
TN:
SF:src\features\admin\pages\AdminQuizManagement_backup.tsx
FN:48,(anonymous_10)
FN:49,(anonymous_11)
FN:80,(anonymous_12)
FN:84,(anonymous_13)
FN:88,(anonymous_14)
FN:91,(anonymous_15)
FN:109,(anonymous_16)
FN:113,(anonymous_17)
FN:118,(anonymous_18)
FN:134,(anonymous_19)
FN:139,(anonymous_20)
FN:143,(anonymous_21)
FN:149,(anonymous_22)
FN:150,(anonymous_23)
FN:152,(anonymous_24)
FN:173,(anonymous_25)
FN:178,(anonymous_26)
FN:182,(anonymous_27)
FN:188,(anonymous_28)
FN:208,(anonymous_29)
FN:213,(anonymous_30)
FN:225,(anonymous_31)
FN:236,(anonymous_32)
FN:250,(anonymous_33)
FN:264,(anonymous_34)
FN:278,(anonymous_35)
FN:292,(anonymous_36)
FN:306,(anonymous_37)
FN:320,(anonymous_38)
FN:345,(anonymous_39)
FN:360,(anonymous_40)
FN:416,(anonymous_41)
FN:446,(anonymous_42)
FN:474,(anonymous_43)
FN:487,(anonymous_44)
FN:504,(anonymous_45)
FN:512,(anonymous_46)
FN:527,(anonymous_47)
FN:564,(anonymous_48)
FN:586,(anonymous_49)
FN:592,(anonymous_50)
FN:602,(anonymous_51)
FN:610,(anonymous_52)
FN:625,(anonymous_53)
FN:632,(anonymous_54)
FN:647,(anonymous_55)
FN:647,(anonymous_56)
FN:654,(anonymous_57)
FN:654,(anonymous_58)
FN:666,(anonymous_59)
FN:700,(anonymous_60)
FN:713,(anonymous_61)
FN:773,(anonymous_62)
FN:834,(anonymous_63)
FN:837,(anonymous_64)
FN:873,(anonymous_65)
FN:901,(anonymous_66)
FN:907,(anonymous_67)
FN:914,(anonymous_68)
FNF:59
FNH:0
FNDA:0,(anonymous_10)
FNDA:0,(anonymous_11)
FNDA:0,(anonymous_12)
FNDA:0,(anonymous_13)
FNDA:0,(anonymous_14)
FNDA:0,(anonymous_15)
FNDA:0,(anonymous_16)
FNDA:0,(anonymous_17)
FNDA:0,(anonymous_18)
FNDA:0,(anonymous_19)
FNDA:0,(anonymous_20)
FNDA:0,(anonymous_21)
FNDA:0,(anonymous_22)
FNDA:0,(anonymous_23)
FNDA:0,(anonymous_24)
FNDA:0,(anonymous_25)
FNDA:0,(anonymous_26)
FNDA:0,(anonymous_27)
FNDA:0,(anonymous_28)
FNDA:0,(anonymous_29)
FNDA:0,(anonymous_30)
FNDA:0,(anonymous_31)
FNDA:0,(anonymous_32)
FNDA:0,(anonymous_33)
FNDA:0,(anonymous_34)
FNDA:0,(anonymous_35)
FNDA:0,(anonymous_36)
FNDA:0,(anonymous_37)
FNDA:0,(anonymous_38)
FNDA:0,(anonymous_39)
FNDA:0,(anonymous_40)
FNDA:0,(anonymous_41)
FNDA:0,(anonymous_42)
FNDA:0,(anonymous_43)
FNDA:0,(anonymous_44)
FNDA:0,(anonymous_45)
FNDA:0,(anonymous_46)
FNDA:0,(anonymous_47)
FNDA:0,(anonymous_48)
FNDA:0,(anonymous_49)
FNDA:0,(anonymous_50)
FNDA:0,(anonymous_51)
FNDA:0,(anonymous_52)
FNDA:0,(anonymous_53)
FNDA:0,(anonymous_54)
FNDA:0,(anonymous_55)
FNDA:0,(anonymous_56)
FNDA:0,(anonymous_57)
FNDA:0,(anonymous_58)
FNDA:0,(anonymous_59)
FNDA:0,(anonymous_60)
FNDA:0,(anonymous_61)
FNDA:0,(anonymous_62)
FNDA:0,(anonymous_63)
FNDA:0,(anonymous_64)
FNDA:0,(anonymous_65)
FNDA:0,(anonymous_66)
FNDA:0,(anonymous_67)
FNDA:0,(anonymous_68)
DA:1,0
DA:2,0
DA:4,0
DA:5,0
DA:6,0
DA:7,0
DA:17,0
DA:18,0
DA:19,0
DA:20,0
DA:48,0
DA:49,0
DA:50,0
DA:53,0
DA:54,0
DA:55,0
DA:56,0
DA:57,0
DA:58,0
DA:66,0
DA:67,0
DA:70,0
DA:78,0
DA:80,0
DA:81,0
DA:84,0
DA:85,0
DA:88,0
DA:91,0
DA:92,0
DA:93,0
DA:94,0
DA:99,0
DA:100,0
DA:102,0
DA:103,0
DA:105,0
DA:109,0
DA:110,0
DA:111,0
DA:112,0
DA:113,0
DA:117,0
DA:118,0
DA:119,0
DA:121,0
DA:123,0
DA:133,0
DA:134,0
DA:135,0
DA:139,0
DA:140,0
DA:141,0
DA:142,0
DA:143,0
DA:147,0
DA:149,0
DA:150,0
DA:152,0
DA:157,0
DA:159,0
DA:161,0
DA:172,0
DA:173,0
DA:174,0
DA:178,0
DA:179,0
DA:180,0
DA:181,0
DA:182,0
DA:187,0
DA:188,0
DA:189,0
DA:191,0
DA:193,0
DA:207,0
DA:208,0
DA:209,0
DA:213,0
DA:214,0
DA:215,0
DA:216,0
DA:218,0
DA:219,0
DA:221,0
DA:225,0
DA:226,0
DA:227,0
DA:228,0
DA:229,0
DA:231,0
DA:232,0
DA:236,0
DA:237,0
DA:238,0
DA:239,0
DA:240,0
DA:241,0
DA:243,0
DA:244,0
DA:246,0
DA:250,0
DA:251,0
DA:252,0
DA:253,0
DA:254,0
DA:255,0
DA:257,0
DA:258,0
DA:260,0
DA:264,0
DA:265,0
DA:266,0
DA:267,0
DA:268,0
DA:269,0
DA:271,0
DA:272,0
DA:274,0
DA:278,0
DA:279,0
DA:280,0
DA:281,0
DA:282,0
DA:283,0
DA:285,0
DA:286,0
DA:288,0
DA:292,0
DA:293,0
DA:294,0
DA:295,0
DA:296,0
DA:297,0
DA:299,0
DA:300,0
DA:302,0
DA:306,0
DA:307,0
DA:308,0
DA:309,0
DA:310,0
DA:311,0
DA:313,0
DA:314,0
DA:316,0
DA:320,0
DA:321,0
DA:322,0
DA:323,0
DA:325,0
DA:326,0
DA:327,0
DA:333,0
DA:334,0
DA:335,0
DA:336,0
DA:338,0
DA:339,0
DA:341,0
DA:345,0
DA:346,0
DA:347,0
DA:348,0
DA:349,0
DA:350,0
DA:352,0
DA:353,0
DA:355,0
DA:360,0
DA:361,0
DA:362,0
DA:363,0
DA:405,0
DA:406,0
DA:407,0
DA:409,0
DA:410,0
DA:412,0
DA:416,0
DA:417,0
DA:418,0
DA:446,0
DA:447,0
DA:475,0
DA:487,0
DA:504,0
DA:512,0
DA:527,0
DA:528,0
DA:565,0
DA:586,0
DA:592,0
DA:602,0
DA:610,0
DA:625,0
DA:626,0
DA:632,0
DA:647,0
DA:654,0
DA:667,0
DA:668,0
DA:701,0
DA:713,0
DA:728,0
DA:774,0
DA:775,0
DA:835,0
DA:838,0
DA:839,0
DA:873,0
DA:901,0
DA:907,0
DA:915,0
DA:916,0
DA:917,0
DA:918,0
DA:919,0
DA:932,0
LF:219
LH:0
BRDA:241,0,0,0
BRDA:241,0,1,0
BRDA:321,1,0,0
BRDA:395,2,0,0
BRDA:395,2,1,0
BRDA:434,3,0,0
BRDA:434,3,1,0
BRDA:478,4,0,0
BRDA:478,4,1,0
BRDA:497,5,0,0
BRDA:497,5,1,0
BRDA:499,6,0,0
BRDA:499,6,1,0
BRDA:504,7,0,0
BRDA:504,7,1,0
BRDA:505,8,0,0
BRDA:505,8,1,0
BRDA:507,9,0,0
BRDA:507,9,1,0
BRDA:510,10,0,0
BRDA:510,10,1,0
BRDA:574,11,0,0
BRDA:574,11,1,0
BRDA:575,12,0,0
BRDA:575,12,1,0
BRDA:578,13,0,0
BRDA:578,13,1,0
BRDA:579,14,0,0
BRDA:579,14,1,0
BRDA:583,15,0,0
BRDA:583,15,1,0
BRDA:600,16,0,0
BRDA:600,16,1,0
BRDA:640,17,0,0
BRDA:640,17,1,0
BRDA:709,18,0,0
BRDA:709,18,1,0
BRDA:789,19,0,0
BRDA:789,19,1,0
BRDA:801,20,0,0
BRDA:801,20,1,0
BRDA:807,21,0,0
BRDA:807,21,1,0
BRDA:842,22,0,0
BRDA:842,22,1,0
BRDA:845,23,0,0
BRDA:845,23,1,0
BRDA:862,24,0,0
BRDA:862,24,1,0
BRDA:863,25,0,0
BRDA:863,25,1,0
BRDA:864,26,0,0
BRDA:864,26,1,0
BRDA:865,27,0,0
BRDA:865,27,1,0
BRDA:871,28,0,0
BRDA:871,28,1,0
BRDA:883,29,0,0
BRDA:883,29,1,0
BRDA:890,30,0,0
BRDA:890,30,1,0
BRDA:891,31,0,0
BRDA:891,31,1,0
BRDA:892,32,0,0
BRDA:892,32,1,0
BRDA:893,33,0,0
BRDA:893,33,1,0
BRDA:915,34,0,0
BRDA:916,35,0,0
BRDA:917,36,0,0
BRDA:918,37,0,0
BRF:71
BRH:0
end_of_record
TN:
SF:src\features\admin\pages\AdminStatsTestPage.tsx
FN:4,(anonymous_1)
FNF:1
FNH:0
FNDA:0,(anonymous_1)
DA:1,0
DA:2,0
DA:4,0
DA:6,0
DA:13,0
DA:31,0
LF:6
LH:0
BRF:0
BRH:0
end_of_record
TN:
SF:src\features\admin\pages\AdminUserManagement.tsx
FN:20,(anonymous_10)
FN:21,(anonymous_11)
FN:32,(anonymous_12)
FN:36,(anonymous_13)
FN:39,(anonymous_14)
FN:51,(anonymous_15)
FN:59,(anonymous_16)
FN:59,(anonymous_17)
FN:69,(anonymous_18)
FN:77,(anonymous_19)
FN:77,(anonymous_20)
FN:87,(anonymous_21)
FN:95,(anonymous_22)
FN:95,(anonymous_23)
FN:105,(anonymous_24)
FN:130,(anonymous_25)
FN:131,(anonymous_26)
FN:132,(anonymous_27)
FN:133,(anonymous_28)
FN:136,(anonymous_29)
FN:158,(anonymous_30)
FN:164,(anonymous_31)
FN:170,(anonymous_32)
FN:198,(anonymous_33)
FN:225,(anonymous_34)
FN:251,(anonymous_35)
FN:258,(anonymous_36)
FN:277,(anonymous_37)
FN:283,(anonymous_38)
FN:290,(anonymous_39)
FNF:30
FNH:0
FNDA:0,(anonymous_10)
FNDA:0,(anonymous_11)
FNDA:0,(anonymous_12)
FNDA:0,(anonymous_13)
FNDA:0,(anonymous_14)
FNDA:0,(anonymous_15)
FNDA:0,(anonymous_16)
FNDA:0,(anonymous_17)
FNDA:0,(anonymous_18)
FNDA:0,(anonymous_19)
FNDA:0,(anonymous_20)
FNDA:0,(anonymous_21)
FNDA:0,(anonymous_22)
FNDA:0,(anonymous_23)
FNDA:0,(anonymous_24)
FNDA:0,(anonymous_25)
FNDA:0,(anonymous_26)
FNDA:0,(anonymous_27)
FNDA:0,(anonymous_28)
FNDA:0,(anonymous_29)
FNDA:0,(anonymous_30)
FNDA:0,(anonymous_31)
FNDA:0,(anonymous_32)
FNDA:0,(anonymous_33)
FNDA:0,(anonymous_34)
FNDA:0,(anonymous_35)
FNDA:0,(anonymous_36)
FNDA:0,(anonymous_37)
FNDA:0,(anonymous_38)
FNDA:0,(anonymous_39)
DA:1,0
DA:2,0
DA:4,0
DA:5,0
DA:6,0
DA:7,0
DA:8,0
DA:20,0
DA:21,0
DA:22,0
DA:23,0
DA:24,0
DA:25,0
DA:32,0
DA:33,0
DA:36,0
DA:37,0
DA:38,0
DA:39,0
DA:43,0
DA:45,0
DA:47,0
DA:51,0
DA:52,0
DA:53,0
DA:54,0
DA:56,0
DA:57,0
DA:58,0
DA:59,0
DA:60,0
DA:62,0
DA:63,0
DA:65,0
DA:69,0
DA:70,0
DA:71,0
DA:72,0
DA:74,0
DA:75,0
DA:76,0
DA:77,0
DA:78,0
DA:80,0
DA:81,0
DA:83,0
DA:87,0
DA:88,0
DA:89,0
DA:90,0
DA:92,0
DA:93,0
DA:94,0
DA:95,0
DA:96,0
DA:98,0
DA:99,0
DA:101,0
DA:105,0
DA:107,0
DA:108,0
DA:115,0
DA:116,0
DA:123,0
DA:130,0
DA:131,0
DA:132,0
DA:134,0
DA:136,0
DA:158,0
DA:164,0
DA:170,0
DA:199,0
DA:225,0
DA:251,0
DA:258,0
DA:277,0
DA:283,0
DA:291,0
DA:292,0
DA:293,0
DA:294,0
DA:307,0
LF:83
LH:0
BRDA:52,0,0,0
BRDA:52,1,0,0
BRDA:52,1,1,0
BRDA:59,2,0,0
BRDA:59,2,1,0
BRDA:70,3,0,0
BRDA:77,4,0,0
BRDA:77,4,1,0
BRDA:78,5,0,0
BRDA:78,5,1,0
BRDA:88,6,0,0
BRDA:105,7,0,0
BRDA:105,7,1,0
BRDA:107,8,0,0
BRDA:115,9,0,0
BRDA:138,10,0,0
BRDA:138,10,1,0
BRDA:199,11,0,0
BRDA:199,11,1,0
BRDA:205,12,0,0
BRDA:205,12,1,0
BRDA:205,12,2,0
BRDA:211,13,0,0
BRDA:211,13,1,0
BRDA:212,14,0,0
BRDA:212,14,1,0
BRDA:236,15,0,0
BRDA:236,15,1,0
BRDA:240,16,0,0
BRDA:240,16,1,0
BRDA:244,17,0,0
BRDA:244,17,1,0
BRDA:248,18,0,0
BRDA:248,18,1,0
BRDA:251,19,0,0
BRDA:251,19,1,0
BRDA:252,20,0,0
BRDA:252,20,1,0
BRDA:255,21,0,0
BRDA:255,21,1,0
BRDA:291,22,0,0
BRDA:292,23,0,0
BRDA:293,24,0,0
BRF:43
BRH:0
end_of_record
TN:
SF:src\features\admin\pages\CategoryManagement.tsx
FN:25,(anonymous_9)
FN:26,(anonymous_10)
FN:53,(anonymous_11)
FN:57,(anonymous_12)
FN:65,(anonymous_13)
FN:74,(anonymous_14)
FN:81,(anonymous_15)
FN:83,(anonymous_16)
FN:90,(anonymous_17)
FN:96,(anonymous_18)
FN:98,(anonymous_19)
FN:123,(anonymous_20)
FN:144,(anonymous_21)
FN:213,(anonymous_22)
FN:229,(anonymous_23)
FN:229,(anonymous_24)
FN:252,(anonymous_25)
FN:264,(anonymous_26)
FN:264,(anonymous_27)
FN:278,(anonymous_28)
FN:287,(anonymous_29)
FN:298,(anonymous_30)
FN:299,(anonymous_31)
FN:310,(anonymous_32)
FN:310,(anonymous_33)
FN:317,(anonymous_34)
FN:317,(anonymous_35)
FN:322,(anonymous_36)
FN:327,(anonymous_37)
FN:328,(anonymous_38)
FN:373,(anonymous_39)
FN:388,(anonymous_40)
FN:402,(anonymous_41)
FN:418,(anonymous_42)
FN:440,(anonymous_43)
FN:453,(anonymous_44)
FN:456,(anonymous_45)
FN:471,(anonymous_46)
FN:483,(anonymous_47)
FN:487,(anonymous_48)
FN:503,(anonymous_49)
FN:533,(anonymous_50)
FN:549,(anonymous_51)
FN:556,(anonymous_52)
FNF:44
FNH:0
FNDA:0,(anonymous_9)
FNDA:0,(anonymous_10)
FNDA:0,(anonymous_11)
FNDA:0,(anonymous_12)
FNDA:0,(anonymous_13)
FNDA:0,(anonymous_14)
FNDA:0,(anonymous_15)
FNDA:0,(anonymous_16)
FNDA:0,(anonymous_17)
FNDA:0,(anonymous_18)
FNDA:0,(anonymous_19)
FNDA:0,(anonymous_20)
FNDA:0,(anonymous_21)
FNDA:0,(anonymous_22)
FNDA:0,(anonymous_23)
FNDA:0,(anonymous_24)
FNDA:0,(anonymous_25)
FNDA:0,(anonymous_26)
FNDA:0,(anonymous_27)
FNDA:0,(anonymous_28)
FNDA:0,(anonymous_29)
FNDA:0,(anonymous_30)
FNDA:0,(anonymous_31)
FNDA:0,(anonymous_32)
FNDA:0,(anonymous_33)
FNDA:0,(anonymous_34)
FNDA:0,(anonymous_35)
FNDA:0,(anonymous_36)
FNDA:0,(anonymous_37)
FNDA:0,(anonymous_38)
FNDA:0,(anonymous_39)
FNDA:0,(anonymous_40)
FNDA:0,(anonymous_41)
FNDA:0,(anonymous_42)
FNDA:0,(anonymous_43)
FNDA:0,(anonymous_44)
FNDA:0,(anonymous_45)
FNDA:0,(anonymous_46)
FNDA:0,(anonymous_47)
FNDA:0,(anonymous_48)
FNDA:0,(anonymous_49)
FNDA:0,(anonymous_50)
FNDA:0,(anonymous_51)
FNDA:0,(anonymous_52)
DA:1,0
DA:2,0
DA:4,0
DA:5,0
DA:13,0
DA:25,0
DA:26,0
DA:27,0
DA:28,0
DA:29,0
DA:30,0
DA:31,0
DA:33,0
DA:41,0
DA:42,0
DA:53,0
DA:54,0
DA:57,0
DA:58,0
DA:59,0
DA:60,0
DA:61,0
DA:64,0
DA:65,0
DA:70,0
DA:73,0
DA:74,0
DA:76,0
DA:79,0
DA:80,0
DA:81,0
DA:83,0
DA:90,0
DA:93,0
DA:96,0
DA:98,0
DA:100,0
DA:103,0
DA:105,0
DA:106,0
DA:109,0
DA:110,0
DA:113,0
DA:114,0
DA:115,0
DA:116,0
DA:118,0
DA:123,0
DA:124,0
DA:141,0
DA:144,0
DA:145,0
DA:146,0
DA:150,0
DA:198,0
DA:208,0
DA:213,0
DA:214,0
DA:216,0
DA:217,0
DA:218,0
DA:221,0
DA:222,0
DA:224,0
DA:229,0
DA:230,0
DA:235,0
DA:236,0
DA:239,0
DA:245,0
DA:252,0
DA:253,0
DA:256,0
DA:257,0
DA:259,0
DA:260,0
DA:263,0
DA:264,0
DA:265,0
DA:269,0
DA:270,0
DA:272,0
DA:278,0
DA:279,0
DA:282,0
DA:283,0
DA:287,0
DA:288,0
DA:289,0
DA:295,0
DA:298,0
DA:299,0
DA:301,0
DA:302,0
DA:303,0
DA:306,0
DA:308,0
DA:309,0
DA:310,0
DA:311,0
DA:313,0
DA:314,0
DA:317,0
DA:318,0
DA:322,0
DA:323,0
DA:327,0
DA:328,0
DA:331,0
DA:332,0
DA:342,0
DA:373,0
DA:388,0
DA:403,0
DA:404,0
DA:405,0
DA:418,0
DA:440,0
DA:453,0
DA:457,0
DA:471,0
DA:484,0
DA:487,0
DA:504,0
DA:505,0
DA:534,0
DA:549,0
DA:556,0
DA:580,0
LF:129
LH:0
BRDA:41,0,0,0
BRDA:41,1,0,0
BRDA:41,1,1,0
BRDA:79,2,0,0
BRDA:79,2,1,0
BRDA:79,3,0,0
BRDA:79,3,1,0
BRDA:105,4,0,0
BRDA:113,5,0,0
BRDA:141,6,0,0
BRDA:141,6,1,0
BRDA:216,7,0,0
BRDA:222,8,0,0
BRDA:222,8,1,0
BRDA:230,9,0,0
BRDA:230,9,1,0
BRDA:263,10,0,0
BRDA:263,10,1,0
BRDA:265,11,0,0
BRDA:265,11,1,0
BRDA:301,12,0,0
BRDA:301,13,0,0
BRDA:301,13,1,0
BRDA:301,13,2,0
BRDA:306,14,0,0
BRDA:323,15,0,0
BRDA:323,15,1,0
BRDA:328,16,0,0
BRDA:328,16,1,0
BRDA:331,17,0,0
BRDA:373,18,0,0
BRDA:373,18,1,0
BRDA:387,19,0,0
BRDA:387,19,1,0
BRDA:388,20,0,0
BRDA:388,20,1,0
BRDA:425,21,0,0
BRDA:425,21,1,0
BRDA:428,22,0,0
BRDA:428,22,1,0
BRDA:489,23,0,0
BRDA:489,23,1,0
BRDA:515,24,0,0
BRDA:515,24,1,0
BRDA:524,25,0,0
BRDA:524,25,1,0
BRDA:529,26,0,0
BRDA:529,26,1,0
BRDA:542,27,0,0
BRDA:542,27,1,0
BRF:50
BRH:0
end_of_record
TN:
SF:src\features\admin\pages\CreatorManagement.old.tsx
FN:46,(anonymous_9)
FN:47,(anonymous_10)
FN:68,(anonymous_11)
FN:72,(anonymous_12)
FN:86,(anonymous_13)
FN:94,(anonymous_14)
FN:96,(anonymous_15)
FN:107,(anonymous_16)
FN:109,(anonymous_17)
FN:195,(anonymous_18)
FN:203,(anonymous_19)
FN:203,(anonymous_20)
FN:220,(anonymous_21)
FN:220,(anonymous_22)
FN:229,(anonymous_23)
FN:236,(anonymous_24)
FN:236,(anonymous_25)
FN:248,(anonymous_26)
FN:248,(anonymous_27)
FN:258,(anonymous_28)
FN:259,(anonymous_29)
FN:271,(anonymous_30)
FN:271,(anonymous_31)
FN:277,(anonymous_32)
FN:277,(anonymous_33)
FN:282,(anonymous_34)
FN:286,(anonymous_35)
FN:296,(anonymous_36)
FN:296,(anonymous_37)
FN:315,(anonymous_38)
FN:315,(anonymous_39)
FN:325,(anonymous_40)
FN:333,(anonymous_41)
FN:335,(anonymous_42)
FN:336,(anonymous_43)
FN:337,(anonymous_44)
FN:338,(anonymous_45)
FN:342,(anonymous_46)
FN:356,(anonymous_47)
FN:474,(anonymous_48)
FN:480,(anonymous_49)
FN:499,(anonymous_50)
FN:505,(anonymous_51)
FN:511,(anonymous_52)
FN:517,(anonymous_53)
FN:545,(anonymous_54)
FN:552,(anonymous_55)
FN:556,(anonymous_56)
FN:596,(anonymous_57)
FN:604,(anonymous_58)
FN:611,(anonymous_59)
FN:619,(anonymous_60)
FN:626,(anonymous_61)
FN:657,(anonymous_62)
FN:663,(anonymous_63)
FN:681,(anonymous_64)
FN:687,(anonymous_65)
FNF:57
FNH:0
FNDA:0,(anonymous_9)
FNDA:0,(anonymous_10)
FNDA:0,(anonymous_11)
FNDA:0,(anonymous_12)
FNDA:0,(anonymous_13)
FNDA:0,(anonymous_14)
FNDA:0,(anonymous_15)
FNDA:0,(anonymous_16)
FNDA:0,(anonymous_17)
FNDA:0,(anonymous_18)
FNDA:0,(anonymous_19)
FNDA:0,(anonymous_20)
FNDA:0,(anonymous_21)
FNDA:0,(anonymous_22)
FNDA:0,(anonymous_23)
FNDA:0,(anonymous_24)
FNDA:0,(anonymous_25)
FNDA:0,(anonymous_26)
FNDA:0,(anonymous_27)
FNDA:0,(anonymous_28)
FNDA:0,(anonymous_29)
FNDA:0,(anonymous_30)
FNDA:0,(anonymous_31)
FNDA:0,(anonymous_32)
FNDA:0,(anonymous_33)
FNDA:0,(anonymous_34)
FNDA:0,(anonymous_35)
FNDA:0,(anonymous_36)
FNDA:0,(anonymous_37)
FNDA:0,(anonymous_38)
FNDA:0,(anonymous_39)
FNDA:0,(anonymous_40)
FNDA:0,(anonymous_41)
FNDA:0,(anonymous_42)
FNDA:0,(anonymous_43)
FNDA:0,(anonymous_44)
FNDA:0,(anonymous_45)
FNDA:0,(anonymous_46)
FNDA:0,(anonymous_47)
FNDA:0,(anonymous_48)
FNDA:0,(anonymous_49)
FNDA:0,(anonymous_50)
FNDA:0,(anonymous_51)
FNDA:0,(anonymous_52)
FNDA:0,(anonymous_53)
FNDA:0,(anonymous_54)
FNDA:0,(anonymous_55)
FNDA:0,(anonymous_56)
FNDA:0,(anonymous_57)
FNDA:0,(anonymous_58)
FNDA:0,(anonymous_59)
FNDA:0,(anonymous_60)
FNDA:0,(anonymous_61)
FNDA:0,(anonymous_62)
FNDA:0,(anonymous_63)
FNDA:0,(anonymous_64)
FNDA:0,(anonymous_65)
DA:1,0
DA:2,0
DA:4,0
DA:5,0
DA:15,0
DA:46,0
DA:47,0
DA:48,0
DA:49,0
DA:50,0
DA:51,0
DA:52,0
DA:53,0
DA:56,0
DA:57,0
DA:68,0
DA:69,0
DA:72,0
DA:73,0
DA:74,0
DA:75,0
DA:77,0
DA:82,0
DA:85,0
DA:86,0
DA:94,0
DA:95,0
DA:96,0
DA:98,0
DA:107,0
DA:109,0
DA:121,0
DA:123,0
DA:124,0
DA:127,0
DA:128,0
DA:130,0
DA:135,0
DA:195,0
DA:196,0
DA:197,0
DA:203,0
DA:204,0
DA:209,0
DA:215,0
DA:217,0
DA:220,0
DA:221,0
DA:225,0
DA:229,0
DA:230,0
DA:231,0
DA:236,0
DA:237,0
DA:242,0
DA:243,0
DA:245,0
DA:248,0
DA:249,0
DA:253,0
DA:254,0
DA:258,0
DA:259,0
DA:260,0
DA:262,0
DA:263,0
DA:264,0
DA:267,0
DA:269,0
DA:270,0
DA:271,0
DA:272,0
DA:274,0
DA:277,0
DA:278,0
DA:282,0
DA:283,0
DA:285,0
DA:286,0
DA:287,0
DA:294,0
DA:296,0
DA:297,0
DA:302,0
DA:304,0
DA:310,0
DA:312,0
DA:315,0
DA:316,0
DA:320,0
DA:321,0
DA:325,0
DA:326,0
DA:328,0
DA:330,0
DA:333,0
DA:334,0
DA:335,0
DA:336,0
DA:337,0
DA:338,0
DA:340,0
DA:341,0
DA:342,0
DA:344,0
DA:354,0
DA:356,0
DA:357,0
DA:363,0
DA:364,0
DA:371,0
DA:372,0
DA:382,0
DA:474,0
DA:480,0
DA:499,0
DA:505,0
DA:511,0
DA:517,0
DA:546,0
DA:553,0
DA:554,0
DA:556,0
DA:596,0
DA:604,0
DA:611,0
DA:619,0
DA:626,0
DA:658,0
DA:664,0
DA:681,0
DA:687,0
DA:701,0
LF:133
LH:0
BRDA:56,0,0,0
BRDA:56,1,0,0
BRDA:56,1,1,0
BRDA:89,2,0,0
BRDA:89,2,1,0
BRDA:90,3,0,0
BRDA:90,3,1,0
BRDA:91,4,0,0
BRDA:91,4,1,0
BRDA:100,5,0,0
BRDA:100,5,1,0
BRDA:101,6,0,0
BRDA:101,6,1,0
BRDA:102,7,0,0
BRDA:102,7,1,0
BRDA:104,8,0,0
BRDA:104,8,1,0
BRDA:107,9,0,0
BRDA:107,9,1,0
BRDA:108,10,0,0
BRDA:108,10,1,0
BRDA:109,11,0,0
BRDA:109,11,1,0
BRDA:111,12,0,0
BRDA:111,12,1,0
BRDA:127,13,0,0
BRDA:204,14,0,0
BRDA:204,14,1,0
BRDA:221,15,0,0
BRDA:221,15,1,0
BRDA:237,16,0,0
BRDA:237,16,1,0
BRDA:249,17,0,0
BRDA:249,17,1,0
BRDA:260,18,0,0
BRDA:262,19,0,0
BRDA:267,20,0,0
BRDA:283,21,0,0
BRDA:297,22,0,0
BRDA:297,22,1,0
BRDA:316,23,0,0
BRDA:316,23,1,0
BRDA:326,24,0,0
BRDA:326,24,1,0
BRDA:328,25,0,0
BRDA:328,25,1,0
BRDA:330,26,0,0
BRDA:330,26,1,0
BRDA:363,27,0,0
BRDA:363,27,1,0
BRDA:371,28,0,0
BRDA:491,29,0,0
BRDA:491,29,1,0
BRDA:537,30,0,0
BRDA:537,30,1,0
BRDA:553,31,0,0
BRDA:553,31,1,0
BRDA:578,32,0,0
BRDA:578,32,1,0
BRDA:581,33,0,0
BRDA:581,33,1,0
BRDA:584,34,0,0
BRDA:584,34,1,0
BRDA:587,35,0,0
BRDA:587,35,1,0
BRDA:602,36,0,0
BRDA:602,36,1,0
BRDA:641,37,0,0
BRDA:641,37,1,0
BRF:69
BRH:0
end_of_record
TN:
SF:src\features\admin\pages\CreatorManagement.tsx
FN:62,(anonymous_9)
FN:63,(anonymous_10)
FN:72,(anonymous_11)
FN:77,(anonymous_12)
FN:181,(anonymous_13)
FN:188,(anonymous_14)
FN:194,(anonymous_15)
FN:254,(anonymous_16)
FN:262,(anonymous_17)
FN:264,(anonymous_18)
FN:265,(anonymous_19)
FN:266,(anonymous_20)
FN:294,(anonymous_21)
FN:301,(anonymous_22)
FN:314,(anonymous_23)
FN:321,(anonymous_24)
FN:329,(anonymous_25)
FN:336,(anonymous_26)
FN:350,(anonymous_27)
FN:431,(anonymous_28)
FN:438,(anonymous_29)
FN:496,(anonymous_30)
FN:549,(anonymous_31)
FN:560,(anonymous_32)
FN:567,(anonymous_33)
FN:575,(anonymous_34)
FN:600,(anonymous_35)
FNF:27
FNH:0
FNDA:0,(anonymous_9)
FNDA:0,(anonymous_10)
FNDA:0,(anonymous_11)
FNDA:0,(anonymous_12)
FNDA:0,(anonymous_13)
FNDA:0,(anonymous_14)
FNDA:0,(anonymous_15)
FNDA:0,(anonymous_16)
FNDA:0,(anonymous_17)
FNDA:0,(anonymous_18)
FNDA:0,(anonymous_19)
FNDA:0,(anonymous_20)
FNDA:0,(anonymous_21)
FNDA:0,(anonymous_22)
FNDA:0,(anonymous_23)
FNDA:0,(anonymous_24)
FNDA:0,(anonymous_25)
FNDA:0,(anonymous_26)
FNDA:0,(anonymous_27)
FNDA:0,(anonymous_28)
FNDA:0,(anonymous_29)
FNDA:0,(anonymous_30)
FNDA:0,(anonymous_31)
FNDA:0,(anonymous_32)
FNDA:0,(anonymous_33)
FNDA:0,(anonymous_34)
FNDA:0,(anonymous_35)
DA:1,0
DA:2,0
DA:4,0
DA:5,0
DA:16,0
DA:17,0
DA:62,0
DA:63,0
DA:64,0
DA:65,0
DA:66,0
DA:67,0
DA:68,0
DA:69,0
DA:70,0
DA:72,0
DA:73,0
DA:74,0
DA:77,0
DA:78,0
DA:79,0
DA:80,0
DA:83,0
DA:89,0
DA:90,0
DA:91,0
DA:93,0
DA:94,0
DA:96,0
DA:98,0
DA:102,0
DA:103,0
DA:106,0
DA:109,0
DA:110,0
DA:111,0
DA:115,0
DA:116,0
DA:119,0
DA:139,0
DA:141,0
DA:163,0
DA:164,0
DA:166,0
DA:167,0
DA:168,0
DA:171,0
DA:172,0
DA:175,0
DA:177,0
DA:181,0
DA:182,0
DA:183,0
DA:187,0
DA:188,0
DA:190,0
DA:194,0
DA:254,0
DA:255,0
DA:256,0
DA:260,0
DA:262,0
DA:263,0
DA:264,0
DA:265,0
DA:266,0
DA:269,0
DA:270,0
DA:272,0
DA:281,0
DA:283,0
DA:294,0
DA:295,0
DA:296,0
DA:301,0
DA:302,0
DA:307,0
DA:309,0
DA:310,0
DA:314,0
DA:315,0
DA:316,0
DA:319,0
DA:320,0
DA:321,0
DA:322,0
DA:324,0
DA:325,0
DA:329,0
DA:330,0
DA:332,0
DA:333,0
DA:336,0
DA:337,0
DA:350,0
DA:351,0
DA:357,0
DA:363,0
DA:370,0
DA:371,0
DA:382,0
DA:431,0
DA:438,0
DA:497,0
DA:550,0
DA:551,0
DA:560,0
DA:567,0
DA:575,0
DA:600,0
DA:700,0
LF:111
LH:0
BRDA:110,0,0,0
BRDA:121,1,0,0
BRDA:121,1,1,0
BRDA:121,1,2,0
BRDA:122,2,0,0
BRDA:122,2,1,0
BRDA:123,3,0,0
BRDA:123,3,1,0
BRDA:125,4,0,0
BRDA:125,4,1,0
BRDA:130,5,0,0
BRDA:130,5,1,0
BRDA:131,6,0,0
BRDA:131,6,1,0
BRDA:143,7,0,0
BRDA:143,7,1,0
BRDA:143,7,2,0
BRDA:144,8,0,0
BRDA:144,8,1,0
BRDA:145,9,0,0
BRDA:145,9,1,0
BRDA:147,10,0,0
BRDA:147,10,1,0
BRDA:152,11,0,0
BRDA:152,11,1,0
BRDA:153,12,0,0
BRDA:153,12,1,0
BRDA:166,13,0,0
BRDA:264,14,0,0
BRDA:264,14,1,0
BRDA:302,15,0,0
BRDA:302,15,1,0
BRDA:315,16,0,0
BRDA:330,17,0,0
BRDA:330,17,1,0
BRDA:332,18,0,0
BRDA:332,18,1,0
BRDA:333,19,0,0
BRDA:333,19,1,0
BRDA:370,20,0,0
BRDA:370,21,0,0
BRDA:370,21,1,0
BRDA:392,22,0,0
BRDA:392,22,1,0
BRDA:456,23,0,0
BRDA:456,23,1,0
BRDA:461,24,0,0
BRDA:461,24,1,0
BRDA:537,25,0,0
BRDA:537,25,1,0
BRDA:558,26,0,0
BRDA:558,26,1,0
BRDA:591,27,0,0
BRDA:591,27,1,0
BRDA:591,27,2,0
BRDA:651,28,0,0
BRDA:651,28,1,0
BRDA:655,29,0,0
BRDA:655,29,1,0
BRDA:661,30,0,0
BRDA:661,30,1,0
BRDA:665,31,0,0
BRDA:665,31,1,0
BRDA:671,32,0,0
BRDA:671,32,1,0
BRDA:675,33,0,0
BRDA:675,33,1,0
BRDA:681,34,0,0
BRDA:681,34,1,0
BRDA:685,35,0,0
BRDA:685,35,1,0
BRF:71
BRH:0
end_of_record
TN:
SF:src\features\admin\pages\CreatorManagementNew.tsx
FN:62,(anonymous_9)
FN:63,(anonymous_10)
FN:72,(anonymous_11)
FN:77,(anonymous_12)
FN:142,(anonymous_13)
FN:149,(anonymous_14)
FN:155,(anonymous_15)
FN:215,(anonymous_16)
FN:223,(anonymous_17)
FN:225,(anonymous_18)
FN:226,(anonymous_19)
FN:227,(anonymous_20)
FN:255,(anonymous_21)
FN:262,(anonymous_22)
FN:275,(anonymous_23)
FN:282,(anonymous_24)
FN:290,(anonymous_25)
FN:297,(anonymous_26)
FN:311,(anonymous_27)
FN:392,(anonymous_28)
FN:399,(anonymous_29)
FN:457,(anonymous_30)
FN:510,(anonymous_31)
FN:521,(anonymous_32)
FN:528,(anonymous_33)
FN:536,(anonymous_34)
FN:561,(anonymous_35)
FNF:27
FNH:0
FNDA:0,(anonymous_9)
FNDA:0,(anonymous_10)
FNDA:0,(anonymous_11)
FNDA:0,(anonymous_12)
FNDA:0,(anonymous_13)
FNDA:0,(anonymous_14)
FNDA:0,(anonymous_15)
FNDA:0,(anonymous_16)
FNDA:0,(anonymous_17)
FNDA:0,(anonymous_18)
FNDA:0,(anonymous_19)
FNDA:0,(anonymous_20)
FNDA:0,(anonymous_21)
FNDA:0,(anonymous_22)
FNDA:0,(anonymous_23)
FNDA:0,(anonymous_24)
FNDA:0,(anonymous_25)
FNDA:0,(anonymous_26)
FNDA:0,(anonymous_27)
FNDA:0,(anonymous_28)
FNDA:0,(anonymous_29)
FNDA:0,(anonymous_30)
FNDA:0,(anonymous_31)
FNDA:0,(anonymous_32)
FNDA:0,(anonymous_33)
FNDA:0,(anonymous_34)
FNDA:0,(anonymous_35)
DA:1,0
DA:2,0
DA:4,0
DA:5,0
DA:16,0
DA:17,0
DA:62,0
DA:63,0
DA:64,0
DA:65,0
DA:66,0
DA:67,0
DA:68,0
DA:69,0
DA:70,0
DA:72,0
DA:73,0
DA:74,0
DA:77,0
DA:78,0
DA:79,0
DA:81,0
DA:87,0
DA:88,0
DA:90,0
DA:91,0
DA:94,0
DA:98,0
DA:99,0
DA:102,0
DA:106,0
DA:107,0
DA:109,0
DA:130,0
DA:132,0
DA:133,0
DA:136,0
DA:138,0
DA:142,0
DA:143,0
DA:144,0
DA:148,0
DA:149,0
DA:151,0
DA:155,0
DA:215,0
DA:216,0
DA:217,0
DA:221,0
DA:223,0
DA:224,0
DA:225,0
DA:226,0
DA:227,0
DA:230,0
DA:231,0
DA:233,0
DA:242,0
DA:244,0
DA:255,0
DA:256,0
DA:257,0
DA:262,0
DA:263,0
DA:268,0
DA:270,0
DA:271,0
DA:275,0
DA:276,0
DA:277,0
DA:280,0
DA:281,0
DA:282,0
DA:283,0
DA:285,0
DA:286,0
DA:290,0
DA:291,0
DA:293,0
DA:294,0
DA:297,0
DA:298,0
DA:311,0
DA:312,0
DA:318,0
DA:324,0
DA:331,0
DA:332,0
DA:343,0
DA:392,0
DA:399,0
DA:458,0
DA:511,0
DA:512,0
DA:521,0
DA:528,0
DA:536,0
DA:561,0
DA:661,0
LF:99
LH:0
BRDA:111,0,0,0
BRDA:111,0,1,0
BRDA:111,0,2,0
BRDA:112,1,0,0
BRDA:112,1,1,0
BRDA:113,2,0,0
BRDA:113,2,1,0
BRDA:115,3,0,0
BRDA:115,3,1,0
BRDA:120,4,0,0
BRDA:120,4,1,0
BRDA:121,5,0,0
BRDA:121,5,1,0
BRDA:225,6,0,0
BRDA:225,6,1,0
BRDA:263,7,0,0
BRDA:263,7,1,0
BRDA:276,8,0,0
BRDA:291,9,0,0
BRDA:291,9,1,0
BRDA:293,10,0,0
BRDA:293,10,1,0
BRDA:294,11,0,0
BRDA:294,11,1,0
BRDA:331,12,0,0
BRDA:331,13,0,0
BRDA:331,13,1,0
BRDA:353,14,0,0
BRDA:353,14,1,0
BRDA:417,15,0,0
BRDA:417,15,1,0
BRDA:422,16,0,0
BRDA:422,16,1,0
BRDA:498,17,0,0
BRDA:498,17,1,0
BRDA:519,18,0,0
BRDA:519,18,1,0
BRDA:552,19,0,0
BRDA:552,19,1,0
BRDA:552,19,2,0
BRDA:612,20,0,0
BRDA:612,20,1,0
BRDA:616,21,0,0
BRDA:616,21,1,0
BRDA:622,22,0,0
BRDA:622,22,1,0
BRDA:626,23,0,0
BRDA:626,23,1,0
BRDA:632,24,0,0
BRDA:632,24,1,0
BRDA:636,25,0,0
BRDA:636,25,1,0
BRDA:642,26,0,0
BRDA:642,26,1,0
BRDA:646,27,0,0
BRDA:646,27,1,0
BRF:56
BRH:0
end_of_record
TN:
SF:src\features\admin\pages\StatsDashboard.tsx
FN:4,(anonymous_1)
FNF:1
FNH:0
FNDA:0,(anonymous_1)
DA:1,0
DA:2,0
DA:4,0
DA:6,0
DA:13,0
DA:69,0
LF:6
LH:0
BRF:0
BRH:0
end_of_record
TN:
SF:src\features\auth\index.ts
FNF:0
FNH:0
DA:2,0
DA:3,0
DA:4,0
DA:5,0
DA:6,0
DA:7,0
DA:10,0
LF:7
LH:0
BRF:0
BRH:0
end_of_record
TN:
SF:src\features\auth\services.ts
FN:20,(anonymous_0)
FN:84,(anonymous_1)
FN:149,(anonymous_2)
FN:161,(anonymous_3)
FN:173,(anonymous_4)
FN:189,(anonymous_5)
FN:214,(anonymous_6)
FN:234,(anonymous_7)
FN:260,(anonymous_8)
FN:267,(anonymous_9)
FN:279,(anonymous_10)
FNF:11
FNH:0
FNDA:0,(anonymous_0)
FNDA:0,(anonymous_1)
FNDA:0,(anonymous_2)
FNDA:0,(anonymous_3)
FNDA:0,(anonymous_4)
FNDA:0,(anonymous_5)
FNDA:0,(anonymous_6)
FNDA:0,(anonymous_7)
FNDA:0,(anonymous_8)
FNDA:0,(anonymous_9)
FNDA:0,(anonymous_10)
DA:1,0
DA:12,0
DA:13,0
DA:20,0
DA:21,0
DA:22,0
DA:24,0
DA:30,0
DA:33,0
DA:36,0
DA:38,0
DA:39,0
DA:42,0
DA:51,0
DA:52,0
DA:53,0
DA:56,0
DA:57,0
DA:58,0
DA:59,0
DA:62,0
DA:71,0
DA:72,0
DA:75,0
DA:76,0
DA:77,0
DA:84,0
DA:85,0
DA:86,0
DA:93,0
DA:98,0
DA:126,0
DA:129,0
DA:131,0
DA:140,0
DA:142,0
DA:149,0
DA:150,0
DA:151,0
DA:153,0
DA:154,0
DA:161,0
DA:162,0
DA:163,0
DA:165,0
DA:166,0
DA:173,0
DA:174,0
DA:175,0
DA:178,0
DA:179,0
DA:181,0
DA:182,0
DA:189,0
DA:193,0
DA:194,0
DA:197,0
DA:198,0
DA:201,0
DA:202,0
DA:207,0
DA:214,0
DA:215,0
DA:216,0
DA:219,0
DA:220,0
DA:221,0
DA:222,0
DA:224,0
DA:226,0
DA:227,0
DA:234,0
DA:235,0
DA:237,0
DA:239,0
DA:241,0
DA:243,0
DA:245,0
DA:247,0
DA:249,0
DA:251,0
DA:253,0
DA:260,0
DA:261,0
DA:267,0
DA:268,0
DA:274,0
DA:279,0
DA:289,0
DA:290,0
DA:291,0
DA:293,0
DA:294,0
DA:295,0
DA:296,0
DA:297,0
DA:298,0
DA:299,0
DA:317,0
DA:324,0
DA:325,0
DA:326,0
DA:327,0
DA:328,0
DA:329,0
DA:337,0
DA:345,0
DA:346,0
DA:348,0
DA:349,0
LF:110
LH:0
BRDA:36,0,0,0
BRDA:36,0,1,0
BRDA:46,1,0,0
BRDA:46,1,1,0
BRDA:174,2,0,0
BRDA:193,3,0,0
BRDA:215,4,0,0
BRDA:221,5,0,0
BRDA:235,6,0,0
BRDA:235,6,1,0
BRDA:235,6,2,0
BRDA:235,6,3,0
BRDA:235,6,4,0
BRDA:235,6,5,0
BRDA:235,6,6,0
BRDA:235,6,7,0
BRDA:235,6,8,0
BRDA:296,7,0,0
BRDA:298,8,0,0
BRDA:298,8,1,0
BRDA:300,9,0,0
BRDA:300,9,1,0
BRDA:301,10,0,0
BRDA:301,10,1,0
BRDA:302,11,0,0
BRDA:302,11,1,0
BRDA:303,12,0,0
BRDA:303,12,1,0
BRDA:304,13,0,0
BRDA:304,13,1,0
BRDA:305,14,0,0
BRDA:305,14,1,0
BRDA:307,15,0,0
BRDA:307,15,1,0
BRDA:312,16,0,0
BRDA:312,16,1,0
BRDA:313,17,0,0
BRDA:313,17,1,0
BRDA:327,18,0,0
BRDA:327,18,1,0
BRDA:331,19,0,0
BRDA:331,19,1,0
BRDA:332,20,0,0
BRDA:332,20,1,0
BRDA:333,21,0,0
BRDA:333,21,1,0
BRDA:339,22,0,0
BRDA:339,22,1,0
BRF:48
BRH:0
end_of_record
TN:
SF:src\features\auth\store.ts
FN:17,(anonymous_0)
FN:21,(anonymous_1)
FN:35,(anonymous_2)
FN:41,(anonymous_3)
FN:46,(anonymous_4)
FN:50,(anonymous_5)
FN:57,(anonymous_6)
FNF:7
FNH:7
FNDA:3,(anonymous_0)
FNDA:3,(anonymous_1)
FNDA:1,(anonymous_2)
FNDA:2,(anonymous_3)
FNDA:1,(anonymous_4)
FNDA:2,(anonymous_5)
FNDA:2,(anonymous_6)
DA:1,3
DA:4,3
DA:13,3
DA:18,3
DA:19,3
DA:22,3
DA:23,3
DA:24,3
DA:25,3
DA:26,3
DA:28,3
DA:29,3
DA:36,1
DA:37,1
DA:38,1
DA:39,1
DA:42,2
DA:43,2
DA:44,2
DA:47,1
DA:48,1
DA:51,2
DA:52,1
DA:54,1
DA:58,2
DA:63,3
DA:73,3
LF:27
LH:27
BRDA:51,0,0,1
BRF:1
BRH:1
end_of_record
TN:
SF:src\features\auth\components\AutoLogoutOnBan.tsx
FN:13,(anonymous_0)
FN:14,(anonymous_1)
FN:17,(anonymous_2)
FN:22,(anonymous_3)
FN:39,(anonymous_4)
FNF:5
FNH:0
FNDA:0,(anonymous_0)
FNDA:0,(anonymous_1)
FNDA:0,(anonymous_2)
FNDA:0,(anonymous_3)
FNDA:0,(anonymous_4)
DA:1,0
DA:2,0
DA:4,0
DA:5,0
DA:6,0
DA:7,0
DA:13,0
DA:14,0
DA:15,0
DA:17,0
DA:18,0
DA:20,0
DA:22,0
DA:23,0
DA:24,0
DA:25,0
DA:26,0
DA:27,0
DA:28,0
DA:29,0
DA:30,0
DA:37,0
DA:38,0
DA:39,0
DA:40,0
DA:41,0
DA:45,0
DA:48,0
LF:28
LH:0
BRDA:18,0,0,0
BRDA:26,1,0,0
BRDA:26,2,0,0
BRDA:26,2,1,0
BRDA:27,3,0,0
BRDA:30,4,0,0
BRF:6
BRH:0
end_of_record
TN:
SF:src\features\auth\components\ProtectedRoute.tsx
FN:12,(anonymous_1)
FN:16,(anonymous_2)
FN:55,(anonymous_3)
FNF:3
FNH:0
FNDA:0,(anonymous_1)
FNDA:0,(anonymous_2)
FNDA:0,(anonymous_3)
DA:1,0
DA:2,0
DA:3,0
DA:5,0
DA:12,0
DA:16,0
DA:18,0
DA:26,0
DA:27,0
DA:28,0
DA:31,0
DA:32,0
DA:33,0
DA:36,0
DA:37,0
DA:38,0
DA:55,0
DA:66,0
DA:67,0
DA:70,0
LF:20
LH:0
BRDA:26,0,0,0
BRDA:31,1,0,0
BRDA:36,2,0,0
BRDA:36,3,0,0
BRDA:36,3,1,0
BRDA:36,3,2,0
BRDA:48,4,0,0
BRDA:48,4,1,0
BRF:8
BRH:0
end_of_record
TN:
SF:src\features\auth\components\RoleSelection.tsx
FN:14,(anonymous_9)
FN:19,(anonymous_10)
FN:41,(anonymous_11)
FN:60,(anonymous_12)
FN:66,(anonymous_13)
FN:96,(anonymous_14)
FN:127,(anonymous_15)
FN:155,(anonymous_16)
FNF:8
FNH:0
FNDA:0,(anonymous_9)
FNDA:0,(anonymous_10)
FNDA:0,(anonymous_11)
FNDA:0,(anonymous_12)
FNDA:0,(anonymous_13)
FNDA:0,(anonymous_14)
FNDA:0,(anonymous_15)
FNDA:0,(anonymous_16)
DA:1,0
DA:2,0
DA:3,0
DA:5,0
DA:6,0
DA:7,0
DA:14,0
DA:15,0
DA:16,0
DA:17,0
DA:19,0
DA:21,0
DA:23,0
DA:24,0
DA:34,0
DA:35,0
DA:38,0
DA:41,0
DA:42,0
DA:43,0
DA:47,0
DA:50,0
DA:53,0
DA:54,0
DA:57,0
DA:60,0
DA:61,0
DA:62,0
DA:66,0
DA:67,0
DA:71,0
DA:75,0
DA:96,0
DA:127,0
DA:155,0
DA:184,0
LF:36
LH:0
BRDA:92,0,0,0
BRDA:92,0,1,0
BRDA:123,1,0,0
BRDA:123,1,1,0
BRDA:155,2,0,0
BRDA:155,2,1,0
BRDA:156,3,0,0
BRDA:156,3,1,0
BRDA:158,4,0,0
BRDA:158,4,1,0
BRDA:158,5,0,0
BRDA:158,5,1,0
BRDA:163,6,0,0
BRDA:163,6,1,0
BRF:14
BRH:0
end_of_record
TN:
SF:src\features\auth\pages\LoginPage.tsx
FN:8,(anonymous_9)
FN:20,(anonymous_10)
FN:22,(anonymous_11)
FN:28,(anonymous_12)
FN:104,(anonymous_13)
FN:124,(anonymous_14)
FN:135,(anonymous_15)
FN:242,(anonymous_16)
FNF:8
FNH:0
FNDA:0,(anonymous_9)
FNDA:0,(anonymous_10)
FNDA:0,(anonymous_11)
FNDA:0,(anonymous_12)
FNDA:0,(anonymous_13)
FNDA:0,(anonymous_14)
FNDA:0,(anonymous_15)
FNDA:0,(anonymous_16)
DA:1,0
DA:2,0
DA:3,0
DA:4,0
DA:5,0
DA:6,0
DA:8,0
DA:9,0
DA:10,0
DA:17,0
DA:18,0
DA:20,0
DA:21,0
DA:22,0
DA:28,0
DA:29,0
DA:30,0
DA:31,0
DA:33,0
DA:35,0
DA:36,0
DA:37,0
DA:38,0
DA:39,0
DA:40,0
DA:41,0
DA:43,0
DA:44,0
DA:45,0
DA:46,0
DA:48,0
DA:50,0
DA:51,0
DA:54,0
DA:56,0
DA:57,0
DA:60,0
DA:61,0
DA:64,0
DA:65,0
DA:67,0
DA:68,0
DA:75,0
DA:78,0
DA:81,0
DA:82,0
DA:85,0
DA:89,0
DA:93,0
DA:104,0
DA:124,0
DA:135,0
DA:242,0
LF:53
LH:0
BRDA:36,0,0,0
BRDA:36,0,1,0
BRDA:43,1,0,0
BRDA:43,2,0,0
BRDA:43,2,1,0
BRDA:50,3,0,0
BRDA:56,4,0,0
BRDA:60,5,0,0
BRDA:81,6,0,0
BRDA:81,6,1,0
BRDA:81,7,0,0
BRDA:81,7,1,0
BRDA:85,8,0,0
BRDA:85,8,1,0
BRDA:97,9,0,0
BRDA:97,9,1,0
BRDA:114,10,0,0
BRDA:114,10,1,0
BRDA:117,11,0,0
BRDA:117,11,1,0
BRDA:126,12,0,0
BRDA:126,12,1,0
BRDA:137,13,0,0
BRDA:137,13,1,0
BRDA:147,14,0,0
BRDA:147,14,1,0
BRDA:197,15,0,0
BRDA:197,15,1,0
BRDA:215,16,0,0
BRDA:215,16,1,0
BRDA:225,17,0,0
BRDA:225,17,1,0
BRDA:230,18,0,0
BRDA:230,18,1,0
BRDA:231,19,0,0
BRDA:231,19,1,0
BRDA:232,20,0,0
BRDA:232,20,1,0
BRDA:239,21,0,0
BRDA:239,21,1,0
BRDA:245,22,0,0
BRDA:245,22,1,0
BRF:42
BRH:0
end_of_record
TN:
SF:src\features\auth\pages\Profile.old.tsx
FN:13,(anonymous_10)
FN:14,(anonymous_11)
FN:15,(anonymous_12)
FN:31,(anonymous_13)
FN:38,(anonymous_14)
FN:44,(anonymous_15)
FN:48,(anonymous_16)
FN:49,(anonymous_17)
FN:50,(anonymous_18)
FN:51,(anonymous_19)
FN:65,(anonymous_20)
FN:83,(anonymous_21)
FN:100,(anonymous_22)
FN:138,(anonymous_23)
FN:139,(anonymous_24)
FN:140,(anonymous_25)
FN:141,(anonymous_26)
FN:142,(anonymous_27)
FN:198,(anonymous_28)
FN:218,(anonymous_29)
FN:252,(anonymous_30)
FN:261,(anonymous_31)
FN:280,(anonymous_32)
FN:297,(anonymous_33)
FN:313,(anonymous_34)
FNF:25
FNH:0
FNDA:0,(anonymous_10)
FNDA:0,(anonymous_11)
FNDA:0,(anonymous_12)
FNDA:0,(anonymous_13)
FNDA:0,(anonymous_14)
FNDA:0,(anonymous_15)
FNDA:0,(anonymous_16)
FNDA:0,(anonymous_17)
FNDA:0,(anonymous_18)
FNDA:0,(anonymous_19)
FNDA:0,(anonymous_20)
FNDA:0,(anonymous_21)
FNDA:0,(anonymous_22)
FNDA:0,(anonymous_23)
FNDA:0,(anonymous_24)
FNDA:0,(anonymous_25)
FNDA:0,(anonymous_26)
FNDA:0,(anonymous_27)
FNDA:0,(anonymous_28)
FNDA:0,(anonymous_29)
FNDA:0,(anonymous_30)
FNDA:0,(anonymous_31)
FNDA:0,(anonymous_32)
FNDA:0,(anonymous_33)
FNDA:0,(anonymous_34)
DA:1,0
DA:2,0
DA:6,0
DA:7,0
DA:8,0
DA:9,0
DA:10,0
DA:11,0
DA:13,0
DA:14,0
DA:15,0
DA:16,0
DA:17,0
DA:18,0
DA:19,0
DA:20,0
DA:21,0
DA:22,0
DA:23,0
DA:24,0
DA:27,0
DA:28,0
DA:31,0
DA:32,0
DA:33,0
DA:34,0
DA:38,0
DA:39,0
DA:40,0
DA:41,0
DA:43,0
DA:44,0
DA:45,0
DA:46,0
DA:48,0
DA:49,0
DA:50,0
DA:51,0
DA:52,0
DA:53,0
DA:61,0
DA:65,0
DA:66,0
DA:67,0
DA:68,0
DA:70,0
DA:71,0
DA:72,0
DA:73,0
DA:74,0
DA:75,0
DA:77,0
DA:79,0
DA:83,0
DA:84,0
DA:85,0
DA:86,0
DA:88,0
DA:89,0
DA:90,0
DA:91,0
DA:92,0
DA:94,0
DA:96,0
DA:100,0
DA:101,0
DA:102,0
DA:103,0
DA:105,0
DA:106,0
DA:107,0
DA:108,0
DA:109,0
DA:110,0
DA:112,0
DA:114,0
DA:118,0
DA:120,0
DA:138,0
DA:139,0
DA:140,0
DA:141,0
DA:142,0
DA:199,0
DA:219,0
DA:252,0
DA:261,0
DA:280,0
DA:297,0
DA:313,0
DA:335,0
LF:91
LH:0
BRDA:21,0,0,0
BRDA:21,0,1,0
BRDA:23,1,0,0
BRDA:23,1,1,0
BRDA:32,2,0,0
BRDA:39,3,0,0
BRDA:46,4,0,0
BRDA:46,4,1,0
BRDA:48,5,0,0
BRDA:48,5,1,0
BRDA:49,6,0,0
BRDA:49,6,1,0
BRDA:50,7,0,0
BRDA:50,7,1,0
BRDA:51,8,0,0
BRDA:51,8,1,0
BRDA:55,9,0,0
BRDA:55,9,1,0
BRDA:66,10,0,0
BRDA:84,11,0,0
BRDA:101,12,0,0
BRDA:118,13,0,0
BRDA:127,14,0,0
BRDA:127,14,1,0
BRDA:130,15,0,0
BRDA:130,15,1,0
BRDA:130,16,0,0
BRDA:130,16,1,0
BRDA:138,17,0,0
BRDA:138,17,1,0
BRDA:139,18,0,0
BRDA:139,18,1,0
BRDA:140,19,0,0
BRDA:140,19,1,0
BRDA:141,20,0,0
BRDA:141,20,1,0
BRDA:142,21,0,0
BRDA:142,21,1,0
BRDA:145,22,0,0
BRDA:145,22,1,0
BRDA:151,23,0,0
BRDA:151,23,1,0
BRDA:154,24,0,0
BRDA:154,24,1,0
BRDA:157,25,0,0
BRDA:157,25,1,0
BRDA:157,25,2,0
BRDA:157,25,3,0
BRDA:167,26,0,0
BRDA:167,26,1,0
BRDA:171,27,0,0
BRDA:171,27,1,0
BRDA:175,28,0,0
BRDA:175,28,1,0
BRDA:179,29,0,0
BRDA:179,29,1,0
BRDA:179,30,0,0
BRDA:179,30,1,0
BRDA:188,31,0,0
BRDA:188,31,1,0
BRDA:196,32,0,0
BRDA:196,32,1,0
BRDA:202,33,0,0
BRDA:202,33,1,0
BRDA:218,34,0,0
BRDA:218,34,1,0
BRDA:220,35,0,0
BRDA:220,35,1,0
BRDA:222,36,0,0
BRDA:222,36,1,0
BRDA:222,37,0,0
BRDA:222,37,1,0
BRDA:224,38,0,0
BRDA:224,38,1,0
BRDA:224,39,0,0
BRDA:224,39,1,0
BRDA:225,40,0,0
BRDA:225,40,1,0
BRDA:227,41,0,0
BRDA:227,41,1,0
BRDA:228,42,0,0
BRDA:228,42,1,0
BRDA:230,43,0,0
BRDA:230,43,1,0
BRDA:230,44,0,0
BRDA:230,44,1,0
BRDA:244,45,0,0
BRDA:244,45,1,0
BRDA:247,46,0,0
BRDA:247,46,1,0
BRDA:264,47,0,0
BRDA:264,47,1,0
BRDA:274,48,0,0
BRDA:274,48,1,0
BRDA:287,49,0,0
BRDA:287,49,1,0
BRDA:290,50,0,0
BRDA:290,50,1,0
BRDA:304,51,0,0
BRDA:304,51,1,0
BRDA:307,52,0,0
BRDA:307,52,1,0
BRDA:320,53,0,0
BRDA:320,53,1,0
BRDA:324,54,0,0
BRDA:324,54,1,0
BRF:106
BRH:0
end_of_record
TN:
SF:src\features\auth\pages\Profile.tsx
FN:27,(anonymous_9)
FN:28,(anonymous_10)
FN:29,(anonymous_11)
FN:55,(anonymous_12)
FN:62,(anonymous_13)
FN:65,(anonymous_14)
FN:94,(anonymous_15)
FN:95,(anonymous_16)
FN:96,(anonymous_17)
FN:97,(anonymous_18)
FN:104,(anonymous_19)
FN:105,(anonymous_20)
FN:123,(anonymous_21)
FN:131,(anonymous_22)
FN:141,(anonymous_23)
FN:164,(anonymous_24)
FN:182,(anonymous_25)
FN:198,(anonymous_26)
FN:215,(anonymous_27)
FN:217,(anonymous_28)
FN:290,(anonymous_29)
FN:306,(anonymous_30)
FN:309,(anonymous_31)
FN:362,(anonymous_32)
FN:367,(anonymous_33)
FN:391,(anonymous_34)
FN:398,(anonymous_35)
FN:413,(anonymous_36)
FN:421,(anonymous_37)
FN:430,(anonymous_38)
FN:441,(anonymous_39)
FN:459,(anonymous_40)
FN:484,(anonymous_41)
FN:494,(anonymous_42)
FN:529,(anonymous_43)
FN:538,(anonymous_44)
FN:561,(anonymous_45)
FNF:37
FNH:0
FNDA:0,(anonymous_9)
FNDA:0,(anonymous_10)
FNDA:0,(anonymous_11)
FNDA:0,(anonymous_12)
FNDA:0,(anonymous_13)
FNDA:0,(anonymous_14)
FNDA:0,(anonymous_15)
FNDA:0,(anonymous_16)
FNDA:0,(anonymous_17)
FNDA:0,(anonymous_18)
FNDA:0,(anonymous_19)
FNDA:0,(anonymous_20)
FNDA:0,(anonymous_21)
FNDA:0,(anonymous_22)
FNDA:0,(anonymous_23)
FNDA:0,(anonymous_24)
FNDA:0,(anonymous_25)
FNDA:0,(anonymous_26)
FNDA:0,(anonymous_27)
FNDA:0,(anonymous_28)
FNDA:0,(anonymous_29)
FNDA:0,(anonymous_30)
FNDA:0,(anonymous_31)
FNDA:0,(anonymous_32)
FNDA:0,(anonymous_33)
FNDA:0,(anonymous_34)
FNDA:0,(anonymous_35)
FNDA:0,(anonymous_36)
FNDA:0,(anonymous_37)
FNDA:0,(anonymous_38)
FNDA:0,(anonymous_39)
FNDA:0,(anonymous_40)
FNDA:0,(anonymous_41)
FNDA:0,(anonymous_42)
FNDA:0,(anonymous_43)
FNDA:0,(anonymous_44)
FNDA:0,(anonymous_45)
DA:1,0
DA:2,0
DA:5,0
DA:6,0
DA:7,0
DA:8,0
DA:9,0
DA:10,0
DA:11,0
DA:27,0
DA:28,0
DA:29,0
DA:30,0
DA:33,0
DA:34,0
DA:35,0
DA:36,0
DA:37,0
DA:40,0
DA:41,0
DA:42,0
DA:43,0
DA:46,0
DA:47,0
DA:48,0
DA:49,0
DA:50,0
DA:51,0
DA:52,0
DA:55,0
DA:56,0
DA:57,0
DA:58,0
DA:62,0
DA:63,0
DA:65,0
DA:66,0
DA:69,0
DA:70,0
DA:71,0
DA:72,0
DA:73,0
DA:75,0
DA:76,0
DA:81,0
DA:82,0
DA:85,0
DA:86,0
DA:88,0
DA:89,0
DA:93,0
DA:94,0
DA:95,0
DA:96,0
DA:97,0
DA:99,0
DA:100,0
DA:101,0
DA:104,0
DA:105,0
DA:107,0
DA:118,0
DA:122,0
DA:125,0
DA:126,0
DA:127,0
DA:129,0
DA:133,0
DA:134,0
DA:135,0
DA:136,0
DA:137,0
DA:138,0
DA:142,0
DA:143,0
DA:145,0
DA:146,0
DA:148,0
DA:149,0
DA:151,0
DA:152,0
DA:153,0
DA:154,0
DA:156,0
DA:160,0
DA:161,0
DA:162,0
DA:164,0
DA:165,0
DA:167,0
DA:168,0
DA:169,0
DA:173,0
DA:175,0
DA:176,0
DA:178,0
DA:182,0
DA:183,0
DA:185,0
DA:186,0
DA:187,0
DA:188,0
DA:189,0
DA:191,0
DA:192,0
DA:194,0
DA:198,0
DA:199,0
DA:215,0
DA:216,0
DA:217,0
DA:218,0
DA:219,0
DA:220,0
DA:221,0
DA:224,0
DA:261,0
DA:262,0
DA:271,0
DA:290,0
DA:307,0
DA:309,0
DA:362,0
DA:367,0
DA:391,0
DA:398,0
DA:413,0
DA:421,0
DA:430,0
DA:441,0
DA:459,0
DA:484,0
DA:494,0
DA:529,0
DA:538,0
DA:561,0
DA:582,0
LF:137
LH:0
BRDA:40,0,0,0
BRDA:40,0,1,0
BRDA:42,1,0,0
BRDA:42,1,1,0
BRDA:56,2,0,0
BRDA:63,3,0,0
BRDA:70,4,0,0
BRDA:73,5,0,0
BRDA:73,5,1,0
BRDA:85,6,0,0
BRDA:85,6,1,0
BRDA:94,7,0,0
BRDA:94,7,1,0
BRDA:95,8,0,0
BRDA:95,8,1,0
BRDA:96,9,0,0
BRDA:96,9,1,0
BRDA:97,10,0,0
BRDA:97,10,1,0
BRDA:99,11,0,0
BRDA:99,11,1,0
BRDA:100,12,0,0
BRDA:100,12,1,0
BRDA:101,13,0,0
BRDA:101,13,1,0
BRDA:125,14,0,0
BRDA:126,15,0,0
BRDA:126,15,1,0
BRDA:134,16,0,0
BRDA:134,16,1,0
BRDA:134,16,2,0
BRDA:134,16,3,0
BRDA:136,17,0,0
BRDA:136,17,1,0
BRDA:143,18,0,0
BRDA:143,18,1,0
BRDA:143,18,2,0
BRDA:148,19,0,0
BRDA:148,19,1,0
BRDA:148,20,0,0
BRDA:148,20,1,0
BRDA:156,21,0,0
BRDA:156,21,1,0
BRDA:162,22,0,0
BRDA:162,22,1,0
BRDA:165,23,0,0
BRDA:165,24,0,0
BRDA:165,24,1,0
BRDA:183,25,0,0
BRDA:183,26,0,0
BRDA:183,26,1,0
BRDA:198,27,0,0
BRDA:208,28,0,0
BRDA:208,28,1,0
BRDA:218,29,0,0
BRDA:219,30,0,0
BRDA:220,31,0,0
BRDA:228,32,0,0
BRDA:228,32,1,0
BRDA:236,33,0,0
BRDA:236,33,1,0
BRDA:261,34,0,0
BRDA:278,35,0,0
BRDA:278,35,1,0
BRDA:285,36,0,0
BRDA:285,36,1,0
BRDA:311,37,0,0
BRDA:311,37,1,0
BRDA:324,38,0,0
BRDA:324,38,1,0
BRDA:324,38,2,0
BRDA:364,39,0,0
BRDA:364,39,1,0
BRDA:379,40,0,0
BRDA:379,40,1,0
BRDA:421,41,0,0
BRDA:421,41,1,0
BRDA:424,42,0,0
BRDA:424,42,1,0
BRDA:439,43,0,0
BRDA:439,43,1,0
BRDA:444,44,0,0
BRDA:444,44,1,0
BRDA:453,45,0,0
BRDA:453,45,1,0
BRDA:458,46,0,0
BRDA:458,46,1,0
BRDA:476,47,0,0
BRDA:476,47,1,0
BRDA:476,47,2,0
BRDA:507,48,0,0
BRDA:507,48,1,0
BRDA:518,49,0,0
BRDA:518,49,1,0
BRDA:547,50,0,0
BRDA:547,50,1,0
BRDA:568,51,0,0
BRDA:568,51,1,0
BRDA:571,52,0,0
BRDA:571,52,1,0
BRF:100
BRH:0
end_of_record
TN:
SF:src\features\auth\store\index.ts
FN:2,(anonymous_0)
FNF:1
FNH:0
FNDA:0,(anonymous_0)
DA:2,0
LF:1
LH:0
BRF:0
BRH:0
end_of_record
TN:
SF:src\features\quiz\constants.ts
FNF:0
FNH:0
DA:2,3
DA:3,3
DA:4,3
DA:5,3
DA:8,3
DA:9,3
DA:12,3
DA:13,3
DA:14,3
DA:17,3
DA:20,3
DA:27,3
DA:34,3
LF:13
LH:13
BRF:0
BRH:0
end_of_record
TN:
SF:src\features\quiz\index.ts
FNF:0
FNH:0
DA:2,0
DA:4,0
DA:5,0
DA:6,0
DA:7,0
DA:8,0
DA:10,0
DA:11,0
LF:8
LH:0
BRF:0
BRH:0
end_of_record
TN:
SF:src\features\quiz\store.ts
FN:9,(anonymous_9)
FN:31,(anonymous_10)
FN:37,(anonymous_11)
FN:37,(anonymous_12)
FN:94,(anonymous_13)
FN:97,(anonymous_14)
FN:102,(anonymous_15)
FN:105,(anonymous_16)
FN:108,(anonymous_17)
FN:109,(anonymous_18)
FN:114,(anonymous_19)
FN:115,(anonymous_20)
FN:119,(anonymous_21)
FN:139,(anonymous_22)
FN:150,(anonymous_23)
FN:159,(anonymous_24)
FN:162,(anonymous_25)
FN:167,(anonymous_26)
FN:172,(anonymous_27)
FN:175,(anonymous_28)
FN:180,(anonymous_29)
FN:183,(anonymous_30)
FN:186,(anonymous_31)
FN:191,(anonymous_32)
FN:201,(anonymous_33)
FN:203,(anonymous_34)
FN:208,(anonymous_35)
FN:214,(anonymous_36)
FN:220,(anonymous_37)
FN:224,(anonymous_38)
FN:229,(anonymous_39)
FN:235,(anonymous_40)
FN:239,(anonymous_41)
FNF:33
FNH:17
FNDA:0,(anonymous_9)
FNDA:0,(anonymous_10)
FNDA:0,(anonymous_11)
FNDA:0,(anonymous_12)
FNDA:0,(anonymous_13)
FNDA:0,(anonymous_14)
FNDA:4,(anonymous_15)
FNDA:0,(anonymous_16)
FNDA:0,(anonymous_17)
FNDA:0,(anonymous_18)
FNDA:0,(anonymous_19)
FNDA:0,(anonymous_20)
FNDA:3,(anonymous_21)
FNDA:3,(anonymous_22)
FNDA:3,(anonymous_23)
FNDA:0,(anonymous_24)
FNDA:0,(anonymous_25)
FNDA:0,(anonymous_26)
FNDA:0,(anonymous_27)
FNDA:1,(anonymous_28)
FNDA:1,(anonymous_29)
FNDA:1,(anonymous_30)
FNDA:1,(anonymous_31)
FNDA:2,(anonymous_32)
FNDA:2,(anonymous_33)
FNDA:1,(anonymous_34)
FNDA:1,(anonymous_35)
FNDA:2,(anonymous_36)
FNDA:1,(anonymous_37)
FNDA:2,(anonymous_38)
FNDA:1,(anonymous_39)
FNDA:1,(anonymous_40)
FNDA:0,(anonymous_41)
DA:1,3
DA:3,3
DA:4,3
DA:7,3
DA:10,0
DA:11,0
DA:12,0
DA:14,0
DA:16,0
DA:17,0
DA:20,0
DA:21,0
DA:24,0
DA:29,3
DA:32,0
DA:33,0
DA:37,3
DA:38,0
DA:39,0
DA:40,0
DA:66,3
DA:89,3
DA:95,0
DA:98,0
DA:103,4
DA:106,0
DA:109,0
DA:110,0
DA:111,0
DA:115,0
DA:120,3
DA:121,3
DA:122,2
DA:123,2
DA:124,2
DA:125,2
DA:126,2
DA:127,2
DA:129,1
DA:130,1
DA:131,1
DA:132,1
DA:133,1
DA:134,1
DA:140,3
DA:141,2
DA:142,2
DA:143,2
DA:145,2
DA:151,3
DA:152,2
DA:154,2
DA:160,0
DA:163,0
DA:168,0
DA:173,0
DA:176,1
DA:181,1
DA:184,1
DA:187,1
DA:192,2
DA:193,2
DA:194,2
DA:195,2
DA:196,2
DA:197,2
DA:198,2
DA:202,2
DA:204,1
DA:205,1
DA:206,1
DA:209,1
DA:210,1
DA:212,1
DA:215,2
DA:216,2
DA:217,2
DA:221,1
DA:222,1
DA:225,2
DA:226,2
DA:227,2
DA:229,2
DA:230,2
DA:231,1
DA:236,1
DA:237,1
DA:240,0
DA:245,3
DA:257,3
LF:90
LH:64
BRDA:16,0,0,0
BRDA:20,1,0,0
BRDA:110,2,0,0
BRDA:121,3,0,2
BRDA:121,3,1,1
BRDA:140,4,0,2
BRDA:140,5,0,3
BRDA:140,5,1,2
BRDA:151,6,0,2
BRDA:217,7,0,2
BRDA:217,7,1,1
BRDA:226,8,0,2
BRDA:230,9,0,1
BRDA:237,10,0,1
BRDA:237,10,1,0
BRF:15
BRH:11
end_of_record
TN:
SF:src\features\quiz\api\admin.ts
FN:22,(anonymous_0)
FN:28,(anonymous_1)
FN:49,(anonymous_2)
FN:74,(anonymous_3)
FN:114,(anonymous_4)
FN:127,(anonymous_5)
FNF:6
FNH:0
FNDA:0,(anonymous_0)
FNDA:0,(anonymous_1)
FNDA:0,(anonymous_2)
FNDA:0,(anonymous_3)
FNDA:0,(anonymous_4)
FNDA:0,(anonymous_5)
DA:4,0
DA:14,0
DA:16,0
DA:17,0
DA:22,0
DA:23,0
DA:26,0
DA:28,0
DA:29,0
DA:30,0
DA:32,0
DA:33,0
DA:35,0
DA:36,0
DA:38,0
DA:43,0
DA:49,0
DA:58,0
DA:59,0
DA:61,0
DA:62,0
DA:64,0
DA:65,0
DA:68,0
DA:69,0
DA:70,0
DA:72,0
DA:74,0
DA:75,0
DA:76,0
DA:77,0
DA:83,0
DA:87,0
DA:90,0
DA:93,0
DA:96,0
DA:98,0
DA:100,0
DA:106,0
DA:107,0
DA:114,0
DA:115,0
DA:116,0
DA:118,0
DA:124,0
DA:125,0
DA:127,0
DA:128,0
DA:129,0
DA:130,0
DA:133,0
DA:134,0
DA:136,0
DA:137,0
LF:54
LH:0
BRDA:29,0,0,0
BRDA:30,1,0,0
BRDA:30,1,1,0
BRDA:33,2,0,0
BRDA:33,2,1,0
BRDA:36,3,0,0
BRDA:51,4,0,0
BRDA:62,5,0,0
BRDA:62,5,1,0
BRDA:64,6,0,0
BRF:10
BRH:0
end_of_record
TN:
SF:src\features\quiz\api\base.ts
FN:23,(anonymous_0)
FN:29,(anonymous_1)
FN:50,(anonymous_2)
FN:71,(anonymous_3)
FN:89,(anonymous_4)
FN:103,(anonymous_5)
FN:124,(anonymous_6)
FN:148,(anonymous_7)
FN:174,(anonymous_8)
FN:199,getQuizResultById
FNF:10
FNH:0
FNDA:0,(anonymous_0)
FNDA:0,(anonymous_1)
FNDA:0,(anonymous_2)
FNDA:0,(anonymous_3)
FNDA:0,(anonymous_4)
FNDA:0,(anonymous_5)
FNDA:0,(anonymous_6)
FNDA:0,(anonymous_7)
FNDA:0,(anonymous_8)
FNDA:0,getQuizResultById
DA:1,3
DA:13,3
DA:15,3
DA:17,3
DA:18,3
DA:23,3
DA:24,0
DA:27,0
DA:29,0
DA:30,0
DA:31,0
DA:33,0
DA:34,0
DA:36,0
DA:37,0
DA:39,0
DA:44,0
DA:50,3
DA:51,0
DA:52,0
DA:58,0
DA:59,0
DA:60,0
DA:62,0
DA:63,0
DA:64,0
DA:71,3
DA:72,0
DA:73,0
DA:74,0
DA:78,0
DA:80,0
DA:81,0
DA:82,0
DA:89,3
DA:90,0
DA:91,0
DA:92,0
DA:94,0
DA:95,0
DA:96,0
DA:103,3
DA:104,0
DA:105,0
DA:106,0
DA:107,0
DA:108,0
DA:109,0
DA:114,0
DA:116,0
DA:117,0
DA:124,3
DA:126,0
DA:127,0
DA:128,0
DA:130,0
DA:131,0
DA:132,0
DA:134,0
DA:135,0
DA:136,0
DA:137,0
DA:139,0
DA:140,0
DA:141,0
DA:148,3
DA:149,0
DA:150,0
DA:151,0
DA:153,0
DA:159,0
DA:160,0
DA:161,0
DA:163,0
DA:165,0
DA:166,0
DA:167,0
DA:168,0
DA:169,0
DA:170,0
DA:171,0
DA:174,0
DA:175,0
DA:176,0
DA:177,0
DA:178,0
DA:179,0
DA:180,0
DA:183,0
DA:184,0
DA:186,0
DA:187,0
DA:192,0
DA:199,3
DA:200,0
DA:201,0
DA:202,0
DA:203,0
DA:204,0
DA:205,0
DA:207,0
DA:211,3
LF:102
LH:14
BRDA:30,0,0,0
BRDA:31,1,0,0
BRDA:31,1,1,0
BRDA:34,2,0,0
BRDA:34,2,1,0
BRDA:37,3,0,0
BRDA:106,4,0,0
BRDA:126,5,0,0
BRDA:126,6,0,0
BRDA:126,6,1,0
BRDA:126,6,2,0
BRDA:126,6,3,0
BRDA:126,6,4,0
BRDA:130,7,0,0
BRDA:130,8,0,0
BRDA:130,8,1,0
BRDA:130,8,2,0
BRDA:165,9,0,0
BRDA:202,10,0,0
BRF:19
BRH:0
end_of_record
TN:
SF:src\features\quiz\api\creator.ts
FN:19,(anonymous_0)
FN:25,(anonymous_1)
FN:46,(anonymous_2)
FN:72,(anonymous_3)
FN:82,(anonymous_4)
FN:102,(anonymous_5)
FN:103,(anonymous_6)
FN:125,(anonymous_7)
FN:138,(anonymous_8)
FNF:9
FNH:0
FNDA:0,(anonymous_0)
FNDA:0,(anonymous_1)
FNDA:0,(anonymous_2)
FNDA:0,(anonymous_3)
FNDA:0,(anonymous_4)
FNDA:0,(anonymous_5)
FNDA:0,(anonymous_6)
FNDA:0,(anonymous_7)
FNDA:0,(anonymous_8)
DA:1,0
DA:11,0
DA:13,0
DA:14,0
DA:19,0
DA:20,0
DA:23,0
DA:25,0
DA:26,0
DA:27,0
DA:29,0
DA:30,0
DA:32,0
DA:33,0
DA:35,0
DA:40,0
DA:46,0
DA:56,0
DA:57,0
DA:59,0
DA:60,0
DA:62,0
DA:63,0
DA:66,0
DA:67,0
DA:68,0
DA:70,0
DA:72,0
DA:73,0
DA:74,0
DA:75,0
DA:76,0
DA:82,0
DA:84,0
DA:85,0
DA:86,0
DA:90,0
DA:91,0
DA:92,0
DA:95,0
DA:96,0
DA:99,0
DA:102,0
DA:103,0
DA:107,0
DA:109,0
DA:111,0
DA:117,0
DA:118,0
DA:125,0
DA:126,0
DA:127,0
DA:129,0
DA:135,0
DA:136,0
DA:138,0
DA:139,0
DA:140,0
DA:141,0
DA:142,0
DA:148,0
DA:149,0
DA:151,0
DA:152,0
LF:64
LH:0
BRDA:26,0,0,0
BRDA:27,1,0,0
BRDA:27,1,1,0
BRDA:30,2,0,0
BRDA:30,2,1,0
BRDA:33,3,0,0
BRDA:49,4,0,0
BRDA:60,5,0,0
BRDA:60,5,1,0
BRDA:62,6,0,0
BRDA:84,7,0,0
BRDA:90,8,0,0
BRDA:90,9,0,0
BRDA:90,9,1,0
BRF:14
BRH:0
end_of_record
TN:
SF:src\features\quiz\api\index.ts
FNF:0
FNH:0
DA:2,0
DA:3,0
DA:4,0
DA:5,0
DA:6,0
LF:5
LH:0
BRF:0
BRH:0
end_of_record
TN:
SF:src\features\quiz\api\shared.ts
FN:16,(anonymous_0)
FN:27,(anonymous_1)
FN:52,(anonymous_2)
FN:58,(anonymous_3)
FN:73,(anonymous_4)
FN:87,(anonymous_5)
FN:101,(anonymous_6)
FN:115,(anonymous_7)
FN:138,(anonymous_8)
FN:142,(anonymous_9)
FN:146,(anonymous_10)
FN:152,(anonymous_11)
FNF:12
FNH:0
FNDA:0,(anonymous_0)
FNDA:0,(anonymous_1)
FNDA:0,(anonymous_2)
FNDA:0,(anonymous_3)
FNDA:0,(anonymous_4)
FNDA:0,(anonymous_5)
FNDA:0,(anonymous_6)
FNDA:0,(anonymous_7)
FNDA:0,(anonymous_8)
FNDA:0,(anonymous_9)
FNDA:0,(anonymous_10)
FNDA:0,(anonymous_11)
DA:1,3
DA:9,3
DA:11,3
DA:16,3
DA:17,0
DA:18,0
DA:24,0
DA:25,0
DA:27,0
DA:28,0
DA:29,0
DA:42,0
DA:44,0
DA:45,0
DA:52,3
DA:53,0
DA:54,0
DA:55,0
DA:57,0
DA:58,0
DA:59,0
DA:60,0
DA:63,0
DA:65,0
DA:66,0
DA:73,3
DA:74,0
DA:77,0
[...]
FNDA:0,(anonymous_11)
FNDA:0,(anonymous_12)
FNDA:0,(anonymous_13)
FNDA:0,(anonymous_14)
FNDA:0,(anonymous_15)
FNDA:0,(anonymous_16)
FNDA:0,(anonymous_17)
DA:6,0
DA:7,0
DA:8,0
DA:10,0
DA:11,0
DA:12,0
DA:18,0
DA:19,0
DA:31,0
DA:32,0
DA:33,0
DA:39,0
DA:40,0
DA:46,0
DA:47,0
DA:49,0
DA:51,0
DA:53,0
DA:55,0
DA:62,0
DA:63,0
DA:65,0
DA:67,0
DA:69,0
DA:71,0
DA:78,0
DA:79,0
DA:80,0
DA:81,0
DA:82,0
DA:84,0
DA:90,0
DA:95,0
DA:96,0
DA:97,0
DA:104,0
DA:105,0
DA:111,0
DA:112,0
DA:113,0
DA:119,0
DA:123,0
DA:125,0
DA:126,0
DA:129,0
DA:130,0
DA:133,0
DA:134,0
DA:137,0
DA:138,0
DA:141,0
DA:150,0
DA:151,0
DA:152,0
DA:153,0
DA:159,0
DA:160,0
DA:161,0
DA:162,0
DA:168,0
DA:169,0
DA:170,0
DA:171,0
DA:177,0
DA:178,0
DA:179,0
DA:180,0
DA:182,0
DA:183,0
DA:190,0
DA:191,0
DA:192,0
DA:194,0
DA:195,0
DA:196,0
DA:197,0
DA:198,0
DA:199,0
DA:200,0
DA:201,0
DA:204,0
LF:81
LH:0
BRDA:7,0,0,0
BRDA:47,1,0,0
BRDA:47,1,1,0
BRDA:47,1,2,0
BRDA:47,1,3,0
BRDA:63,2,0,0
BRDA:63,2,1,0
BRDA:63,2,2,0
BRDA:63,2,3,0
BRDA:125,3,0,0
BRDA:129,4,0,0
BRDA:133,5,0,0
BRDA:137,6,0,0
BRDA:194,7,0,0
BRDA:194,7,1,0
BRDA:196,8,0,0
BRDA:196,8,1,0
BRDA:198,9,0,0
BRDA:198,9,1,0
BRDA:200,10,0,0
BRF:20
BRH:0
end_of_record
TN:
SF:src\lib\utils\roleSync.ts
FN:8,(anonymous_0)
FN:50,(anonymous_1)
FN:52,(anonymous_2)
FNF:3
FNH:0
FNDA:0,(anonymous_0)
FNDA:0,(anonymous_1)
FNDA:0,(anonymous_2)
DA:1,0
DA:2,0
DA:8,0
DA:9,0
DA:11,0
DA:12,0
DA:13,0
DA:16,0
DA:17,0
DA:19,0
DA:21,0
DA:22,0
DA:26,0
DA:27,0
DA:38,0
DA:39,0
DA:42,0
DA:50,0
DA:52,0
DA:53,0
LF:20
LH:0
BRDA:9,0,0,0
BRDA:13,1,0,0
BRDA:19,2,0,0
BRF:3
BRH:0
end_of_record
TN:
SF:src\lib\utils\seedTestData.ts
FN:4,(anonymous_0)
FN:117,(anonymous_1)
FN:180,(anonymous_2)
FNF:3
FNH:0
FNDA:0,(anonymous_0)
FNDA:0,(anonymous_1)
FNDA:0,(anonymous_2)
DA:1,0
DA:2,0
DA:4,0
DA:5,0
DA:7,0
DA:8,0
DA:10,0
DA:11,0
DA:12,0
DA:15,0
DA:104,0
DA:106,0
DA:107,0
DA:108,0
DA:111,0
DA:113,0
DA:117,0
DA:118,0
DA:120,0
DA:121,0
DA:123,0
DA:124,0
DA:125,0
DA:128,0
DA:158,0
DA:161,0
DA:162,0
DA:164,0
DA:165,0
DA:171,0
DA:174,0
DA:176,0
DA:180,0
DA:181,0
DA:182,0
LF:35
LH:0
BRDA:10,0,0,0
BRDA:123,1,0,0
BRF:2
BRH:0
end_of_record
TN:
SF:src\shared\index.ts
FNF:0
FNH:0
DA:2,0
DA:3,0
DA:4,0
DA:5,0
DA:6,0
DA:7,0
DA:8,0
DA:9,0
DA:10,0
DA:11,0
DA:12,0
DA:13,0
DA:14,0
LF:13
LH:0
BRF:0
BRH:0
end_of_record
TN:
SF:src\shared\components\AchievementSystem.tsx
FN:79,(anonymous_9)
FN:85,(anonymous_10)
FN:100,(anonymous_11)
FN:122,(anonymous_12)
FN:187,(anonymous_13)
FN:188,(anonymous_14)
FN:189,(anonymous_15)
FN:194,(anonymous_16)
FN:201,(anonymous_17)
FN:208,(anonymous_18)
FN:210,(anonymous_19)
FN:215,(anonymous_20)
FN:254,(anonymous_21)
FN:255,(anonymous_22)
FN:256,(anonymous_23)
FN:260,(anonymous_24)
FN:263,(anonymous_25)
FN:264,(anonymous_26)
FN:264,(anonymous_27)
FN:271,(anonymous_28)
FN:279,(anonymous_29)
FN:315,(anonymous_30)
FN:319,(anonymous_31)
FN:334,(anonymous_32)
FN:341,(anonymous_33)
FNF:25
FNH:0
FNDA:0,(anonymous_9)
FNDA:0,(anonymous_10)
FNDA:0,(anonymous_11)
FNDA:0,(anonymous_12)
FNDA:0,(anonymous_13)
FNDA:0,(anonymous_14)
FNDA:0,(anonymous_15)
FNDA:0,(anonymous_16)
FNDA:0,(anonymous_17)
FNDA:0,(anonymous_18)
FNDA:0,(anonymous_19)
FNDA:0,(anonymous_20)
FNDA:0,(anonymous_21)
FNDA:0,(anonymous_22)
FNDA:0,(anonymous_23)
FNDA:0,(anonymous_24)
FNDA:0,(anonymous_25)
FNDA:0,(anonymous_26)
FNDA:0,(anonymous_27)
FNDA:0,(anonymous_28)
FNDA:0,(anonymous_29)
FNDA:0,(anonymous_30)
FNDA:0,(anonymous_31)
FNDA:0,(anonymous_32)
FNDA:0,(anonymous_33)
DA:1,0
DA:2,0
DA:20,0
DA:79,0
DA:85,0
DA:86,0
DA:88,0
DA:90,0
DA:92,0
DA:94,0
DA:96,0
DA:100,0
DA:101,0
DA:103,0
DA:105,0
DA:107,0
DA:109,0
DA:111,0
DA:115,0
DA:122,0
DA:187,0
DA:188,0
DA:189,0
DA:190,0
DA:191,0
DA:192,0
DA:194,0
DA:195,0
DA:196,0
DA:201,0
DA:202,0
DA:205,0
DA:208,0
DA:210,0
DA:215,0
DA:216,0
DA:217,0
DA:219,0
DA:221,0
DA:222,0
DA:223,0
DA:225,0
DA:226,0
DA:227,0
DA:229,0
DA:230,0
DA:231,0
DA:233,0
DA:234,0
DA:235,0
DA:237,0
DA:238,0
DA:239,0
DA:242,0
DA:250,0
DA:254,0
DA:255,0
DA:256,0
DA:259,0
DA:260,0
DA:263,0
DA:264,0
DA:269,0
DA:271,0
DA:272,0
DA:274,0
DA:280,0
DA:316,0
DA:319,0
DA:334,0
DA:343,0
DA:344,0
DA:360,0
LF:73
LH:0
BRDA:86,0,0,0
BRDA:86,0,1,0
BRDA:86,0,2,0
BRDA:86,0,3,0
BRDA:86,0,4,0
BRDA:101,1,0,0
BRDA:101,1,1,0
BRDA:101,1,2,0
BRDA:101,1,3,0
BRDA:101,1,4,0
BRDA:118,2,0,0
BRDA:118,2,1,0
BRDA:121,3,0,0
BRDA:121,3,1,0
BRDA:122,4,0,0
BRDA:122,4,1,0
BRDA:128,5,0,0
BRDA:128,5,1,0
BRDA:139,6,0,0
BRDA:139,6,1,0
BRDA:149,7,0,0
BRDA:149,7,1,0
BRDA:149,7,2,0
BRDA:162,8,0,0
BRDA:162,8,1,0
BRDA:172,9,0,0
BRDA:172,9,1,0
BRDA:172,9,2,0
BRDA:180,10,0,0
BRDA:180,10,1,0
BRDA:195,11,0,0
BRDA:202,12,0,0
BRDA:202,13,0,0
BRDA:202,13,1,0
BRDA:206,14,0,0
BRDA:206,14,1,0
BRDA:207,15,0,0
BRDA:207,15,1,0
BRDA:210,16,0,0
BRDA:210,16,1,0
BRDA:219,17,0,0
BRDA:219,17,1,0
BRDA:219,17,2,0
BRDA:219,17,3,0
BRDA:219,17,4,0
BRDA:237,18,0,0
BRDA:237,18,1,0
BRDA:246,19,0,0
BRDA:246,19,1,0
BRDA:256,20,0,0
BRDA:256,20,1,0
BRDA:259,21,0,0
BRDA:269,22,0,0
BRDA:277,23,0,0
BRDA:277,23,1,0
BRDA:325,24,0,0
BRDA:325,24,1,0
BRDA:339,25,0,0
BRDA:339,25,1,0
BRF:59
BRH:0
end_of_record
TN:
SF:src\shared\components\EmptyState.tsx
FN:15,(anonymous_1)
FN:24,(anonymous_2)
FNF:2
FNH:0
FNDA:0,(anonymous_1)
FNDA:0,(anonymous_2)
DA:1,0
DA:2,0
DA:3,0
DA:15,0
DA:24,0
DA:25,0
DA:27,0
DA:35,0
DA:43,0
DA:51,0
DA:61,0
DA:62,0
DA:63,0
DA:64,0
DA:65,0
DA:67,0
DA:106,0
LF:17
LH:0
BRDA:21,0,0,0
BRDA:25,1,0,0
BRDA:25,1,1,0
BRDA:25,1,2,0
BRDA:25,1,3,0
BRDA:62,2,0,0
BRDA:62,2,1,0
BRDA:63,3,0,0
BRDA:63,3,1,0
BRDA:64,4,0,0
BRDA:64,4,1,0
BRDA:65,5,0,0
BRDA:65,5,1,0
BRDA:82,6,0,0
BRDA:82,6,1,0
BRDA:82,6,2,0
BRDA:92,7,0,0
BRDA:92,7,1,0
BRDA:92,7,2,0
BRF:19
BRH:0
end_of_record
TN:
SF:src\shared\components\ErrorBoundary.tsx
FN:13,(anonymous_9)
FN:19,(anonymous_10)
FN:24,(anonymous_11)
FN:43,(anonymous_12)
FN:58,(anonymous_13)
FNF:5
FNH:0
FNDA:0,(anonymous_9)
FNDA:0,(anonymous_10)
FNDA:0,(anonymous_11)
FNDA:0,(anonymous_12)
FNDA:0,(anonymous_13)
DA:1,0
DA:14,0
DA:21,0
DA:25,0
DA:28,0
DA:31,0
DA:33,0
DA:36,0
DA:44,0
DA:45,0
DA:58,0
DA:78,0
DA:82,0
LF:13
LH:0
BRDA:28,0,0,0
BRDA:28,1,0,0
BRDA:28,1,1,0
BRDA:28,1,2,0
BRDA:44,2,0,0
BRDA:55,3,0,0
BRDA:55,3,1,0
BRDA:64,4,0,0
BRDA:64,4,1,0
BRDA:64,4,2,0
BRF:10
BRH:0
end_of_record
TN:
SF:src\shared\components\Header.tsx
FN:11,(anonymous_1)
FN:13,(anonymous_2)
FN:22,(anonymous_3)
FNF:3
FNH:0
FNDA:0,(anonymous_1)
FNDA:0,(anonymous_2)
FNDA:0,(anonymous_3)
DA:1,0
DA:2,0
DA:3,0
DA:5,0
DA:11,0
DA:12,0
DA:13,0
DA:15,0
DA:22,0
DA:40,0
LF:10
LH:0
BRDA:29,0,0,0
BRDA:29,0,1,0
BRF:2
BRH:0
end_of_record
TN:
SF:src\shared\components\Layout.tsx
FN:9,(anonymous_1)
FN:10,(anonymous_2)
FNF:2
FNH:0
FNDA:0,(anonymous_1)
FNDA:0,(anonymous_2)
DA:1,0
DA:2,0
DA:3,0
DA:5,0
DA:6,0
DA:9,0
DA:10,0
DA:12,0
DA:26,0
LF:9
LH:0
BRDA:16,0,0,0
BRDA:16,0,1,0
BRDA:17,1,0,0
BRDA:17,1,1,0
BRDA:18,2,0,0
BRDA:18,2,1,0
BRF:6
BRH:0
end_of_record
TN:
SF:src\shared\components\NotificationBanner.tsx
FN:16,(anonymous_9)
FN:20,(anonymous_10)
FN:23,(anonymous_11)
FN:25,(anonymous_12)
FN:50,(anonymous_13)
FN:84,(anonymous_14)
FN:95,(anonymous_15)
FN:111,(anonymous_16)
FNF:8
FNH:0
FNDA:0,(anonymous_9)
FNDA:0,(anonymous_10)
FNDA:0,(anonymous_11)
FNDA:0,(anonymous_12)
FNDA:0,(anonymous_13)
FNDA:0,(anonymous_14)
FNDA:0,(anonymous_15)
FNDA:0,(anonymous_16)
DA:1,0
DA:2,0
DA:3,0
DA:4,0
DA:16,0
DA:17,0
DA:18,0
DA:19,0
DA:20,0
DA:23,0
DA:25,0
DA:26,0
DA:27,0
DA:28,0
DA:31,0
DA:32,0
DA:33,0
DA:35,0
DA:42,0
DA:43,0
DA:44,0
DA:45,0
DA:46,0
DA:49,0
DA:50,0
DA:51,0
DA:52,0
DA:53,0
DA:58,0
DA:62,0
DA:64,0
DA:65,0
DA:67,0
DA:71,0
DA:75,0
DA:78,0
DA:79,0
DA:80,0
DA:84,0
DA:85,0
DA:86,0
DA:87,0
DA:88,0
DA:89,0
DA:90,0
DA:95,0
DA:96,0
DA:97,0
DA:98,0
DA:99,0
DA:100,0
DA:101,0
DA:106,0
DA:111,0
DA:122,0
LF:55
LH:0
BRDA:26,0,0,0
BRDA:43,1,0,0
BRDA:53,2,0,0
BRDA:54,3,0,0
BRDA:54,3,1,0
BRDA:54,3,2,0
BRDA:75,4,0,0
BRDA:75,5,0,0
BRDA:75,5,1,0
BRDA:78,6,0,0
BRDA:85,7,0,0
BRDA:85,7,1,0
BRDA:85,7,2,0
BRDA:85,7,3,0
BRDA:85,7,4,0
BRDA:96,8,0,0
BRDA:96,8,1,0
BRDA:96,8,2,0
BRDA:96,8,3,0
BRDA:96,8,4,0
BRF:20
BRH:0
end_of_record
TN:
SF:src\shared\components\NotificationCenter.tsx
FN:19,(anonymous_9)
FN:20,(anonymous_10)
FN:26,(anonymous_11)
FN:59,(anonymous_12)
FN:63,(anonymous_13)
FN:64,(anonymous_14)
FN:65,(anonymous_15)
FN:67,(anonymous_16)
FN:70,(anonymous_17)
FN:71,(anonymous_18)
FN:71,(anonymous_19)
FN:75,(anonymous_20)
FN:76,(anonymous_21)
FN:76,(anonymous_22)
FN:77,(anonymous_23)
FN:79,(anonymous_24)
FN:89,(anonymous_25)
FN:116,(anonymous_26)
FN:132,(anonymous_27)
FN:170,(anonymous_28)
FN:177,(anonymous_29)
FN:215,(anonymous_30)
FNF:22
FNH:0
FNDA:0,(anonymous_9)
FNDA:0,(anonymous_10)
FNDA:0,(anonymous_11)
FNDA:0,(anonymous_12)
FNDA:0,(anonymous_13)
FNDA:0,(anonymous_14)
FNDA:0,(anonymous_15)
FNDA:0,(anonymous_16)
FNDA:0,(anonymous_17)
FNDA:0,(anonymous_18)
FNDA:0,(anonymous_19)
FNDA:0,(anonymous_20)
FNDA:0,(anonymous_21)
FNDA:0,(anonymous_22)
FNDA:0,(anonymous_23)
FNDA:0,(anonymous_24)
FNDA:0,(anonymous_25)
FNDA:0,(anonymous_26)
FNDA:0,(anonymous_27)
FNDA:0,(anonymous_28)
FNDA:0,(anonymous_29)
FNDA:0,(anonymous_30)
DA:1,0
DA:2,0
DA:19,0
DA:20,0
DA:21,0
DA:22,0
DA:23,0
DA:26,0
DA:27,0
DA:28,0
DA:58,0
DA:59,0
DA:63,0
DA:64,0
DA:65,0
DA:67,0
DA:70,0
DA:71,0
DA:72,0
DA:75,0
DA:76,0
DA:77,0
DA:78,0
DA:79,0
DA:83,0
DA:85,0
DA:89,0
DA:116,0
DA:133,0
DA:170,0
DA:177,0
DA:215,0
DA:222,0
LF:33
LH:0
BRDA:27,0,0,0
BRDA:65,1,0,0
BRDA:65,1,1,0
BRDA:78,2,0,0
BRDA:78,3,0,0
BRDA:78,3,1,0
BRDA:83,4,0,0
BRDA:93,5,0,0
BRDA:93,5,1,0
BRDA:95,6,0,0
BRDA:95,6,1,0
BRDA:101,7,0,0
BRDA:101,7,1,0
BRDA:107,8,0,0
BRDA:107,8,1,0
BRDA:126,9,0,0
BRDA:126,9,1,0
BRDA:136,10,0,0
BRDA:136,10,1,0
BRDA:140,11,0,0
BRDA:140,11,1,0
BRDA:149,12,0,0
BRDA:149,12,1,0
BRDA:153,13,0,0
BRDA:153,13,1,0
BRDA:168,14,0,0
BRDA:168,14,1,0
BRDA:185,15,0,0
BRDA:185,15,1,0
BRDA:201,16,0,0
BRDA:201,16,1,0
BRDA:212,17,0,0
BRDA:212,17,1,0
BRF:33
BRH:0
end_of_record
TN:
SF:src\shared\components\PopularQuizzesRanking.tsx
FN:11,(anonymous_9)
FN:16,(anonymous_10)
FN:17,(anonymous_11)
FN:127,(anonymous_12)
FN:136,(anonymous_13)
FN:145,(anonymous_14)
FN:164,(anonymous_15)
FN:180,(anonymous_16)
FNF:8
FNH:0
FNDA:0,(anonymous_9)
FNDA:0,(anonymous_10)
FNDA:0,(anonymous_11)
FNDA:0,(anonymous_12)
FNDA:0,(anonymous_13)
FNDA:0,(anonymous_14)
FNDA:0,(anonymous_15)
FNDA:0,(anonymous_16)
DA:1,0
DA:3,0
DA:11,0
DA:12,0
DA:13,0
DA:14,0
DA:16,0
DA:17,0
DA:18,0
DA:19,0
DA:23,0
DA:116,0
DA:118,0
DA:120,0
DA:124,0
DA:127,0
DA:128,0
DA:129,0
DA:130,0
DA:131,0
DA:132,0
DA:136,0
DA:137,0
DA:138,0
DA:139,0
DA:140,0
DA:141,0
DA:145,0
DA:146,0
DA:147,0
DA:148,0
DA:149,0
DA:150,0
DA:154,0
DA:164,0
DA:181,0
DA:274,0
LF:37
LH:0
BRDA:128,0,0,0
BRDA:128,0,1,0
BRDA:128,0,2,0
BRDA:128,0,3,0
BRDA:137,1,0,0
BRDA:137,1,1,0
BRDA:137,1,2,0
BRDA:137,1,3,0
BRDA:146,2,0,0
BRDA:146,2,1,0
BRDA:146,2,2,0
BRDA:146,2,3,0
BRDA:174,3,0,0
BRDA:174,3,1,0
BRDA:184,4,0,0
BRDA:184,4,1,0
BRDA:247,5,0,0
BRDA:247,5,1,0
BRDA:248,6,0,0
BRDA:248,6,1,0
BRDA:249,7,0,0
BRDA:249,7,1,0
BRF:22
BRH:0
end_of_record
TN:
SF:src\shared\components\QuickReviewSection.tsx
FN:13,(anonymous_10)
FN:14,(anonymous_11)
FN:17,(anonymous_12)
FN:42,(anonymous_13)
FN:78,(anonymous_14)
FN:88,(anonymous_15)
FNF:6
FNH:0
FNDA:0,(anonymous_10)
FNDA:0,(anonymous_11)
FNDA:0,(anonymous_12)
FNDA:0,(anonymous_13)
FNDA:0,(anonymous_14)
FNDA:0,(anonymous_15)
DA:1,0
DA:2,0
DA:4,0
DA:5,0
DA:6,0
DA:13,0
DA:14,0
DA:15,0
DA:17,0
DA:18,0
DA:21,0
DA:42,0
DA:78,0
DA:88,0
DA:98,0
LF:15
LH:0
BRDA:39,0,0,0
BRDA:39,0,1,0
BRDA:72,1,0,0
BRDA:72,1,1,0
BRDA:72,1,2,0
BRF:5
BRH:0
end_of_record
TN:
SF:src\shared\components\QuizReviewSystem.tsx
FN:24,(anonymous_9)
FN:29,(anonymous_10)
FN:38,(anonymous_11)
FN:39,(anonymous_12)
FN:51,(anonymous_13)
FN:64,(anonymous_14)
FN:108,(anonymous_15)
FN:139,(anonymous_16)
FN:153,(anonymous_17)
FN:160,(anonymous_18)
FN:165,(anonymous_19)
FN:178,(anonymous_20)
FN:219,(anonymous_21)
FN:262,(anonymous_22)
FNF:14
FNH:0
FNDA:0,(anonymous_9)
FNDA:0,(anonymous_10)
FNDA:0,(anonymous_11)
FNDA:0,(anonymous_12)
FNDA:0,(anonymous_13)
FNDA:0,(anonymous_14)
FNDA:0,(anonymous_15)
FNDA:0,(anonymous_16)
FNDA:0,(anonymous_17)
FNDA:0,(anonymous_18)
FNDA:0,(anonymous_19)
FNDA:0,(anonymous_20)
FNDA:0,(anonymous_21)
FNDA:0,(anonymous_22)
DA:1,0
DA:2,0
DA:4,0
DA:5,0
DA:6,0
DA:24,0
DA:29,0
DA:30,0
DA:31,0
DA:32,0
DA:33,0
DA:34,0
DA:35,0
DA:38,0
DA:39,0
DA:40,0
DA:41,0
DA:42,0
DA:48,0
DA:49,0
DA:51,0
DA:52,0
DA:53,0
DA:60,0
DA:63,0
DA:64,0
DA:65,0
DA:68,0
DA:70,0
DA:99,0
DA:101,0
DA:105,0
DA:108,0
DA:109,0
DA:110,0
DA:111,0
DA:114,0
DA:115,0
DA:116,0
DA:119,0
DA:120,0
DA:121,0
DA:124,0
DA:125,0
DA:127,0
DA:136,0
DA:139,0
DA:140,0
DA:141,0
DA:142,0
DA:144,0
DA:146,0
DA:147,0
DA:149,0
DA:153,0
DA:158,0
DA:161,0
DA:165,0
DA:177,0
DA:178,0
DA:181,0
DA:219,0
DA:263,0
DA:282,0
LF:64
LH:0
BRDA:26,0,0,0
BRDA:27,1,0,0
BRDA:56,2,0,0
BRDA:56,2,1,0
BRDA:63,3,0,0
BRDA:109,4,0,0
BRDA:114,5,0,0
BRDA:119,6,0,0
BRDA:130,7,0,0
BRDA:130,7,1,0
BRDA:130,7,2,0
BRDA:156,8,0,0
BRDA:165,9,0,0
BRDA:165,9,1,0
BRDA:167,10,0,0
BRDA:167,10,1,0
BRDA:170,11,0,0
BRDA:170,11,1,0
BRDA:177,12,0,0
BRDA:177,12,1,0
BRDA:197,13,0,0
BRDA:197,13,1,0
BRDA:197,13,2,0
BRDA:197,13,3,0
BRDA:232,14,0,0
BRDA:232,14,1,0
BRDA:235,15,0,0
BRDA:235,15,1,0
BRDA:241,16,0,0
BRDA:241,16,1,0
BRDA:251,17,0,0
BRDA:251,17,1,0
BRDA:255,18,0,0
BRDA:255,18,1,0
BRF:34
BRH:0
end_of_record
TN:
SF:src\shared\components\SearchComponent.tsx
FN:9,(anonymous_9)
FN:16,(anonymous_10)
FN:21,(anonymous_11)
FN:56,(anonymous_12)
FNF:4
FNH:0
FNDA:0,(anonymous_9)
FNDA:0,(anonymous_10)
FNDA:0,(anonymous_11)
FNDA:0,(anonymous_12)
DA:1,0
DA:9,0
DA:14,0
DA:16,0
DA:17,0
DA:18,0
DA:21,0
DA:22,0
DA:23,0
DA:25,0
DA:28,0
DA:57,0
DA:58,0
DA:77,0
LF:14
LH:0
BRDA:11,0,0,0
BRDA:12,1,0,0
BRDA:52,2,0,0
BRDA:52,2,1,0
BRF:4
BRH:0
end_of_record
TN:
SF:src\shared\components\Sidebar.tsx
FN:6,(anonymous_1)
FN:9,(anonymous_2)
FN:33,(anonymous_3)
FN:36,(anonymous_4)
FNF:4
FNH:0
FNDA:0,(anonymous_1)
FNDA:0,(anonymous_2)
FNDA:0,(anonymous_3)
FNDA:0,(anonymous_4)
DA:1,0
DA:2,0
DA:3,0
DA:6,0
DA:7,0
DA:8,0
DA:9,0
DA:11,0
DA:20,0
DA:21,0
DA:24,0
DA:25,0
DA:28,0
DA:34,0
DA:36,0
DA:55,0
LF:16
LH:0
BRDA:20,0,0,0
BRDA:20,1,0,0
BRDA:20,1,1,0
BRDA:24,2,0,0
BRDA:38,3,0,0
BRDA:38,3,1,0
BRF:6
BRH:0
end_of_record
TN:
SF:src\shared\components\TestDataSeeder.tsx
FN:5,(anonymous_9)
FN:8,(anonymous_10)
FNF:2
FNH:0
FNDA:0,(anonymous_9)
FNDA:0,(anonymous_10)
DA:1,0
DA:2,0
DA:3,0
DA:5,0
DA:6,0
DA:8,0
DA:9,0
DA:10,0
DA:11,0
DA:12,0
DA:14,0
DA:15,0
DA:17,0
DA:21,0
DA:38,0
LF:15
LH:0
BRDA:32,0,0,0
BRDA:32,0,1,0
BRF:2
BRH:0
end_of_record
TN:
SF:src\shared\components\layout\Layout.tsx
FN:12,(anonymous_1)
FN:13,(anonymous_2)
FN:27,(anonymous_3)
FNF:3
FNH:0
FNDA:0,(anonymous_1)
FNDA:0,(anonymous_2)
FNDA:0,(anonymous_3)
DA:1,0
DA:2,0
DA:3,0
DA:5,0
DA:6,0
DA:12,0
DA:13,0
DA:14,0
DA:17,0
DA:18,0
DA:19,0
DA:23,0
DA:24,0
DA:27,0
DA:28,0
DA:29,0
DA:31,0
DA:35,0
LF:18
LH:0
BRDA:18,0,0,0
BRDA:23,1,0,0
BRDA:47,2,0,0
BRDA:47,2,1,0
BRDA:47,3,0,0
BRDA:47,3,1,0
BRDA:50,4,0,0
BRDA:50,4,1,0
BRF:8
BRH:0
end_of_record
TN:
SF:src\shared\components\layout\Loading.tsx
FN:8,(anonymous_1)
FN:22,(anonymous_2)
FNF:2
FNH:0
FNDA:0,(anonymous_1)
FNDA:0,(anonymous_2)
DA:1,0
DA:8,0
DA:9,0
DA:10,0
DA:20,0
DA:23,0
LF:6
LH:0
BRDA:8,0,0,0
BRDA:8,1,0,0
BRDA:9,2,0,0
BRF:3
BRH:0
end_of_record
TN:
SF:src\shared\components\layout\NotFound.tsx
FN:4,(anonymous_1)
FNF:1
FNH:0
FNDA:0,(anonymous_1)
DA:1,0
DA:2,0
DA:4,0
DA:5,0
LF:4
LH:0
BRF:0
BRH:0
end_of_record
TN:
SF:src\shared\components\layout\Unauthorized.tsx
FN:4,(anonymous_1)
FN:20,(anonymous_2)
FN:26,(anonymous_3)
FNF:3
FNH:0
FNDA:0,(anonymous_1)
FNDA:0,(anonymous_2)
FNDA:0,(anonymous_3)
DA:1,0
DA:2,0
DA:4,0
DA:5,0
DA:7,0
DA:20,0
DA:26,0
LF:7
LH:0
BRF:0
BRH:0
end_of_record
TN:
SF:src\shared\components\ui\Button.tsx
FN:11,(anonymous_1)
FNF:1
FNH:0
FNDA:0,(anonymous_1)
DA:1,0
DA:11,0
DA:21,0
DA:23,0
DA:30,0
DA:36,0
DA:38,0
DA:62,0
LF:8
LH:0
BRDA:12,0,0,0
BRDA:13,1,0,0
BRDA:14,2,0,0
BRDA:17,3,0,0
BRDA:36,4,0,0
BRDA:36,4,1,0
BRDA:44,5,0,0
BRDA:44,5,1,0
BRDA:50,6,0,0
BRDA:50,6,1,0
BRDA:56,7,0,0
BRDA:56,7,1,0
BRDA:56,7,2,0
BRF:13
BRH:0
end_of_record
TN:
SF:src\shared\components\ui\Input.tsx
FN:11,(anonymous_9)
FNF:1
FNH:0
FNDA:0,(anonymous_9)
DA:1,0
DA:11,0
DA:20,0
DA:22,0
DA:47,0
DA:91,0
DA:93,0
LF:7
LH:0
BRDA:16,0,0,0
BRDA:17,1,0,0
BRDA:25,2,0,0
BRDA:25,2,1,0
BRDA:33,3,0,0
BRDA:33,3,1,0
BRDA:40,4,0,0
BRDA:40,4,1,0
BRDA:49,5,0,0
BRDA:49,5,1,0
BRDA:52,6,0,0
BRDA:52,6,1,0
BRDA:57,7,0,0
BRDA:57,7,1,0
BRDA:68,8,0,0
BRDA:68,8,1,0
BRDA:69,9,0,0
BRDA:69,9,1,0
BRDA:76,10,0,0
BRDA:76,10,1,0
BRDA:82,11,0,0
BRDA:82,11,1,0
BRDA:82,11,2,0
BRF:23
BRH:0
end_of_record
TN:
SF:src\shared\components\ui\LoadingSpinner.tsx
FN:10,(anonymous_1)
FNF:1
FNH:0
FNDA:0,(anonymous_1)
DA:1,0
DA:10,0
DA:16,0
DA:22,0
DA:38,0
LF:5
LH:0
BRDA:11,0,0,0
BRDA:12,1,0,0
BRDA:14,2,0,0
BRDA:28,3,0,0
BRDA:28,3,1,0
BRDA:29,4,0,0
BRDA:29,4,1,0
BRDA:29,5,0,0
BRDA:29,5,1,0
BRF:9
BRH:0
end_of_record
TN:
SF:src\shared\components\ui\Modal.tsx
FN:13,(anonymous_9)
FN:23,(anonymous_10)
FN:24,(anonymous_11)
FN:35,(anonymous_12)
FN:65,(anonymous_13)
FNF:5
FNH:0
FNDA:0,(anonymous_9)
FNDA:0,(anonymous_10)
FNDA:0,(anonymous_11)
FNDA:0,(anonymous_12)
FNDA:0,(anonymous_13)
DA:1,0
DA:13,0
DA:23,0
DA:24,0
DA:25,0
DA:26,0
DA:30,0
DA:31,0
DA:32,0
DA:35,0
DA:36,0
DA:37,0
DA:41,0
DA:48,0
DA:50,0
DA:65,0
DA:100,0
LF:17
LH:0
BRDA:18,0,0,0
BRDA:19,1,0,0
BRDA:20,2,0,0
BRDA:25,3,0,0
BRDA:30,4,0,0
BRDA:48,5,0,0
BRDA:55,6,0,0
BRDA:55,6,1,0
BRDA:68,7,0,0
BRDA:68,7,1,0
BRDA:68,7,2,0
BRDA:70,8,0,0
BRDA:70,8,1,0
BRDA:76,9,0,0
BRDA:76,9,1,0
BRF:15
BRH:0
end_of_record
TN:
SF:src\shared\components\ui\index.ts
FN:1,(anonymous_1)
FN:2,(anonymous_2)
FN:3,(anonymous_3)
FNF:3
FNH:0
FNDA:0,(anonymous_1)
FNDA:0,(anonymous_2)
FNDA:0,(anonymous_3)
DA:1,0
DA:2,0
DA:3,0
LF:3
LH:0
BRF:0
BRH:0
end_of_record
TN:
SF:src\shared\pages\Creator.tsx
FN:3,(anonymous_1)
FNF:1
FNH:0
FNDA:0,(anonymous_1)
DA:1,0
DA:3,0
DA:4,0
DA:7,0
LF:4
LH:0
BRF:0
BRH:0
end_of_record
TN:
SF:src\shared\pages\Dashboard.tsx
FN:7,(anonymous_1)
FN:31,(anonymous_2)
FN:32,(anonymous_3)
FNF:3
FNH:0
FNDA:0,(anonymous_1)
FNDA:0,(anonymous_2)
FNDA:0,(anonymous_3)
DA:1,0
DA:2,0
DA:3,0
DA:7,0
DA:24,0
DA:31,0
DA:32,0
DA:34,0
DA:113,0
LF:9
LH:0
BRDA:39,0,0,0
BRDA:39,0,1,0
BRDA:74,1,0,0
BRDA:74,1,1,0
BRDA:86,2,0,0
BRDA:86,2,1,0
BRF:6
BRH:0
end_of_record
TN:
SF:src\shared\pages\Home.tsx
FN:22,(anonymous_10)
FN:24,(anonymous_11)
FN:25,(anonymous_12)
FN:37,(anonymous_13)
FN:43,(anonymous_14)
FN:46,(anonymous_15)
FN:47,(anonymous_16)
FN:54,(anonymous_17)
FN:62,(anonymous_18)
FN:63,(anonymous_19)
FN:72,(anonymous_20)
FN:182,(anonymous_21)
FN:190,(anonymous_22)
FNF:13
FNH:0
FNDA:0,(anonymous_10)
FNDA:0,(anonymous_11)
FNDA:0,(anonymous_12)
FNDA:0,(anonymous_13)
FNDA:0,(anonymous_14)
FNDA:0,(anonymous_15)
FNDA:0,(anonymous_16)
FNDA:0,(anonymous_17)
FNDA:0,(anonymous_18)
FNDA:0,(anonymous_19)
FNDA:0,(anonymous_20)
FNDA:0,(anonymous_21)
FNDA:0,(anonymous_22)
DA:1,0
DA:2,0
DA:3,0
DA:5,0
DA:7,0
DA:8,0
DA:9,0
DA:10,0
DA:11,0
DA:12,0
DA:22,0
DA:23,0
DA:24,0
DA:25,0
DA:28,0
DA:35,0
DA:37,0
DA:38,0
DA:39,0
DA:43,0
DA:44,0
DA:46,0
DA:47,0
DA:48,0
DA:50,0
DA:55,0
DA:56,0
DA:61,0
DA:62,0
DA:63,0
DA:65,0
DA:69,0
DA:70,0
DA:73,0
DA:79,0
DA:183,0
DA:191,0
DA:192,0
DA:193,0
DA:194,0
DA:196,0
DA:257,0
LF:42
LH:0
BRDA:38,0,0,0
BRDA:44,1,0,0
BRDA:47,2,0,0
BRDA:47,2,1,0
BRDA:48,3,0,0
BRDA:48,3,1,0
BRDA:63,4,0,0
BRDA:63,4,1,0
BRDA:63,5,0,0
BRDA:63,5,1,0
BRDA:69,6,0,0
BRDA:85,7,0,0
BRDA:85,7,1,0
BRDA:165,8,0,0
BRDA:165,8,1,0
BRDA:180,9,0,0
BRDA:180,9,1,0
BRF:17
BRH:0
end_of_record
TN:
SF:src\shared\pages\LandingPage.tsx
FN:4,(anonymous_1)
FNF:1
FNH:0
FNDA:0,(anonymous_1)
DA:1,0
DA:2,0
DA:4,0
DA:5,0
LF:4
LH:0
BRF:0
BRH:0
end_of_record
TN:
SF:src\shared\pages\NotFound.tsx
FN:4,(anonymous_1)
FNF:1
FNH:0
FNDA:0,(anonymous_1)
DA:1,0
DA:2,0
DA:4,0
DA:5,0
LF:4
LH:0
BRF:0
BRH:0
end_of_record
TN:
SF:src\shared\pages\index.ts
FN:1,(anonymous_1)
FN:2,(anonymous_2)
FN:3,(anonymous_3)
FN:4,(anonymous_4)
FNF:4
FNH:0
FNDA:0,(anonymous_1)
FNDA:0,(anonymous_2)
FNDA:0,(anonymous_3)
FNDA:0,(anonymous_4)
DA:1,0
DA:2,0
DA:3,0
DA:4,0
LF:4
LH:0
BRF:0
BRH:0
end_of_record
